[2020-12-15 07:22:22,556: INFO/MainProcess] beat: Starting...
[2020-12-15 07:22:22,557: INFO/MainProcess] Writing entries...
[2020-12-15 07:22:22,625: INFO/MainProcess] DatabaseScheduler: Schedule changed.
[2020-12-15 07:22:22,626: INFO/MainProcess] Writing entries...
[2020-12-15 07:22:27,664: INFO/MainProcess] Writing entries...
[2020-12-15 07:25:28,041: INFO/MainProcess] Writing entries...
[2020-12-15 07:28:28,442: INFO/MainProcess] Writing entries...
[2020-12-15 07:33:09,492: INFO/MainProcess] beat: Starting...
[2020-12-15 07:33:09,492: INFO/MainProcess] Writing entries...
[2020-12-15 07:33:09,559: INFO/MainProcess] DatabaseScheduler: Schedule changed.
[2020-12-15 07:33:09,560: INFO/MainProcess] Writing entries...
[2020-12-15 07:33:14,603: INFO/MainProcess] Writing entries...
[2020-12-15 07:36:14,998: INFO/MainProcess] Writing entries...
[2020-12-15 07:39:15,398: INFO/MainProcess] Writing entries...
[2020-12-15 07:42:15,824: INFO/MainProcess] Writing entries...
[2020-12-15 07:45:16,231: INFO/MainProcess] Writing entries...
[2020-12-15 07:48:16,639: INFO/MainProcess] Writing entries...
[2020-12-15 07:51:17,054: INFO/MainProcess] Writing entries...
[2020-12-15 07:54:17,444: INFO/MainProcess] Writing entries...
[2020-12-15 07:57:17,863: INFO/MainProcess] Writing entries...
[2020-12-15 08:00:18,272: INFO/MainProcess] Writing entries...
[2020-12-15 08:03:18,670: INFO/MainProcess] Writing entries...
[2020-12-15 08:06:19,086: INFO/MainProcess] Writing entries...
[2020-12-15 08:09:19,489: INFO/MainProcess] Writing entries...
[2020-12-15 08:12:19,871: INFO/MainProcess] Writing entries...
[2020-12-15 08:15:20,268: INFO/MainProcess] Writing entries...
[2020-12-15 08:18:20,653: INFO/MainProcess] Writing entries...
[2020-12-15 08:21:21,048: INFO/MainProcess] Writing entries...
[2020-12-15 08:24:24,586: INFO/MainProcess] Writing entries...
[2020-12-15 08:27:24,989: INFO/MainProcess] Writing entries...
[2020-12-15 08:30:25,378: INFO/MainProcess] Writing entries...
[2020-12-15 08:33:25,778: INFO/MainProcess] Writing entries...
[2020-12-15 08:36:26,229: INFO/MainProcess] Writing entries...
[2020-12-15 08:39:26,764: INFO/MainProcess] Writing entries...
[2020-12-15 08:42:27,247: INFO/MainProcess] Writing entries...
[2020-12-15 08:45:27,747: INFO/MainProcess] Writing entries...
[2020-12-15 08:48:28,210: INFO/MainProcess] Writing entries...
[2020-12-15 08:51:28,742: INFO/MainProcess] Writing entries...
[2020-12-15 08:54:29,267: INFO/MainProcess] Writing entries...
[2020-12-15 08:57:29,776: INFO/MainProcess] Writing entries...
[2020-12-15 09:00:30,241: INFO/MainProcess] Writing entries...
[2020-12-15 09:03:30,727: INFO/MainProcess] Writing entries...
[2020-12-15 09:06:31,224: INFO/MainProcess] Writing entries...
[2020-12-15 09:09:31,651: INFO/MainProcess] Writing entries...
[2020-12-15 09:12:32,105: INFO/MainProcess] Writing entries...
[2020-12-15 09:15:32,609: INFO/MainProcess] Writing entries...
[2020-12-15 09:18:33,113: INFO/MainProcess] Writing entries...
[2020-12-15 09:21:33,675: INFO/MainProcess] Writing entries...
[2020-12-15 09:24:34,208: INFO/MainProcess] Writing entries...
[2020-12-15 09:27:34,732: INFO/MainProcess] Writing entries...
[2020-12-15 09:30:35,153: INFO/MainProcess] Writing entries...
[2020-12-15 09:33:35,623: INFO/MainProcess] Writing entries...
[2020-12-15 09:36:36,127: INFO/MainProcess] Writing entries...
[2020-12-15 09:39:36,645: INFO/MainProcess] Writing entries...
[2020-12-15 09:42:37,150: INFO/MainProcess] Writing entries...
[2020-12-15 09:45:37,617: INFO/MainProcess] Writing entries...
[2020-12-15 09:48:38,087: INFO/MainProcess] Writing entries...
[2020-12-15 09:51:38,565: INFO/MainProcess] Writing entries...
[2020-12-15 09:54:39,042: INFO/MainProcess] Writing entries...
[2020-12-15 09:57:39,603: INFO/MainProcess] Writing entries...
[2020-12-15 10:00:40,160: INFO/MainProcess] Writing entries...
[2020-12-15 10:03:40,663: INFO/MainProcess] Writing entries...
[2020-12-15 10:06:41,085: INFO/MainProcess] Writing entries...
[2020-12-15 10:09:41,617: INFO/MainProcess] Writing entries...
[2020-12-15 10:12:42,103: INFO/MainProcess] Writing entries...
[2020-12-15 10:15:42,596: INFO/MainProcess] Writing entries...
[2020-12-15 10:18:43,085: INFO/MainProcess] Writing entries...
[2020-12-15 10:21:43,610: INFO/MainProcess] Writing entries...
[2020-12-15 10:24:44,057: INFO/MainProcess] Writing entries...
[2020-12-15 10:27:44,565: INFO/MainProcess] Writing entries...
[2020-12-15 10:30:45,096: INFO/MainProcess] Writing entries...
[2020-12-15 10:33:45,571: INFO/MainProcess] Writing entries...
[2020-12-15 10:36:46,088: INFO/MainProcess] Writing entries...
[2020-12-15 10:39:46,610: INFO/MainProcess] Writing entries...
[2020-12-15 10:42:47,086: INFO/MainProcess] Writing entries...
[2020-12-15 10:45:47,545: INFO/MainProcess] Writing entries...
[2020-12-15 10:48:48,047: INFO/MainProcess] Writing entries...
[2020-12-15 10:51:48,560: INFO/MainProcess] Writing entries...
[2020-12-15 10:54:49,046: INFO/MainProcess] Writing entries...
[2020-12-15 10:57:49,546: INFO/MainProcess] Writing entries...
[2020-12-15 11:00:50,008: INFO/MainProcess] Writing entries...
[2020-12-15 11:03:50,494: INFO/MainProcess] Writing entries...
[2020-12-15 11:06:50,992: INFO/MainProcess] Writing entries...
[2020-12-15 11:09:51,525: INFO/MainProcess] Writing entries...
[2020-12-15 11:12:52,015: INFO/MainProcess] Writing entries...
[2020-12-15 11:15:52,497: INFO/MainProcess] Writing entries...
[2020-12-15 11:18:52,988: INFO/MainProcess] Writing entries...
[2020-12-15 11:21:53,526: INFO/MainProcess] Writing entries...
[2020-12-15 11:24:54,021: INFO/MainProcess] Writing entries...
[2020-12-15 11:27:54,523: INFO/MainProcess] Writing entries...
[2020-12-15 11:30:54,997: INFO/MainProcess] Writing entries...
[2020-12-15 11:33:55,482: INFO/MainProcess] Writing entries...
[2020-12-15 11:36:55,966: INFO/MainProcess] Writing entries...
[2020-12-15 11:39:56,472: INFO/MainProcess] Writing entries...
[2020-12-15 11:42:56,997: INFO/MainProcess] Writing entries...
[2020-12-15 11:45:57,463: INFO/MainProcess] Writing entries...
[2020-12-15 11:48:57,949: INFO/MainProcess] Writing entries...
[2020-12-15 11:51:58,456: INFO/MainProcess] Writing entries...
[2020-12-15 11:54:58,932: INFO/MainProcess] Writing entries...
[2020-12-15 11:57:59,402: INFO/MainProcess] Writing entries...
[2020-12-15 12:00:59,851: INFO/MainProcess] Writing entries...
[2020-12-15 12:04:00,296: INFO/MainProcess] Writing entries...
[2020-12-15 12:07:00,745: INFO/MainProcess] Writing entries...
[2020-12-15 12:10:01,217: INFO/MainProcess] Writing entries...
[2020-12-15 12:13:01,678: INFO/MainProcess] Writing entries...
[2020-12-15 12:16:02,180: INFO/MainProcess] Writing entries...
[2020-12-15 12:19:02,631: INFO/MainProcess] Writing entries...
[2020-12-15 12:22:03,086: INFO/MainProcess] Writing entries...
[2020-12-15 12:25:03,561: INFO/MainProcess] Writing entries...
[2020-12-15 12:28:04,044: INFO/MainProcess] Writing entries...
[2020-12-15 12:31:04,516: INFO/MainProcess] Writing entries...
[2020-12-15 12:34:04,979: INFO/MainProcess] Writing entries...
[2020-12-15 12:37:05,432: INFO/MainProcess] Writing entries...
[2020-12-15 12:40:05,936: INFO/MainProcess] Writing entries...
[2020-12-15 12:43:06,439: INFO/MainProcess] Writing entries...
[2020-12-15 12:46:06,911: INFO/MainProcess] Writing entries...
[2020-12-15 12:49:07,405: INFO/MainProcess] Writing entries...
[2020-12-15 12:52:07,883: INFO/MainProcess] Writing entries...
[2020-12-15 12:55:08,375: INFO/MainProcess] Writing entries...
[2020-12-15 12:58:08,857: INFO/MainProcess] Writing entries...
[2020-12-15 13:01:09,342: INFO/MainProcess] Writing entries...
[2020-12-15 13:04:09,870: INFO/MainProcess] Writing entries...
[2020-12-15 13:07:10,363: INFO/MainProcess] Writing entries...
[2020-12-15 13:10:10,853: INFO/MainProcess] Writing entries...
[2020-12-15 13:13:11,302: INFO/MainProcess] Writing entries...
[2020-12-15 13:16:11,781: INFO/MainProcess] Writing entries...
[2020-12-15 13:19:12,280: INFO/MainProcess] Writing entries...
[2020-12-15 13:22:12,719: INFO/MainProcess] Writing entries...
[2020-12-15 13:25:13,188: INFO/MainProcess] Writing entries...
[2020-12-15 13:28:13,663: INFO/MainProcess] Writing entries...
[2020-12-15 13:31:14,146: INFO/MainProcess] Writing entries...
[2020-12-15 13:34:14,649: INFO/MainProcess] Writing entries...
[2020-12-15 13:37:15,142: INFO/MainProcess] Writing entries...
[2020-12-15 13:40:15,638: INFO/MainProcess] Writing entries...
[2020-12-15 13:43:16,179: INFO/MainProcess] Writing entries...
[2020-12-15 13:46:16,686: INFO/MainProcess] Writing entries...
[2020-12-15 13:49:17,144: INFO/MainProcess] Writing entries...
[2020-12-15 13:52:17,611: INFO/MainProcess] Writing entries...
[2020-12-15 13:55:18,103: INFO/MainProcess] Writing entries...
[2020-12-15 13:58:18,584: INFO/MainProcess] Writing entries...
[2020-12-15 14:01:19,095: INFO/MainProcess] Writing entries...
[2020-12-15 14:04:19,612: INFO/MainProcess] Writing entries...
[2020-12-15 14:07:20,124: INFO/MainProcess] Writing entries...
[2020-12-15 14:10:20,611: INFO/MainProcess] Writing entries...
[2020-12-15 14:13:21,123: INFO/MainProcess] Writing entries...
[2020-12-15 14:16:21,559: INFO/MainProcess] Writing entries...
[2020-12-15 14:19:22,036: INFO/MainProcess] Writing entries...
[2020-12-15 14:22:22,552: INFO/MainProcess] Writing entries...
[2020-12-15 14:25:23,026: INFO/MainProcess] Writing entries...
[2020-12-15 14:28:23,514: INFO/MainProcess] Writing entries...
[2020-12-15 14:31:23,959: INFO/MainProcess] Writing entries...
[2020-12-15 14:34:24,460: INFO/MainProcess] Writing entries...
[2020-12-15 14:37:24,959: INFO/MainProcess] Writing entries...
[2020-12-15 14:40:25,455: INFO/MainProcess] Writing entries...
[2020-12-15 14:43:25,975: INFO/MainProcess] Writing entries...
[2020-12-15 14:46:26,456: INFO/MainProcess] Writing entries...
[2020-12-15 14:49:26,905: INFO/MainProcess] Writing entries...
[2020-12-15 14:52:27,359: INFO/MainProcess] Writing entries...
[2020-12-15 14:55:29,932: INFO/MainProcess] Writing entries...
[2020-12-15 14:58:30,400: INFO/MainProcess] Writing entries...
[2020-12-15 15:01:30,863: INFO/MainProcess] Writing entries...
[2020-12-15 15:04:31,341: INFO/MainProcess] Writing entries...
[2020-12-15 15:07:31,842: INFO/MainProcess] Writing entries...
[2020-12-15 15:10:32,356: INFO/MainProcess] Writing entries...
[2020-12-15 15:13:32,783: INFO/MainProcess] Writing entries...
[2020-12-15 15:16:33,231: INFO/MainProcess] Writing entries...
[2020-12-15 15:19:33,724: INFO/MainProcess] Writing entries...
[2020-12-15 15:22:34,196: INFO/MainProcess] Writing entries...
[2020-12-15 15:25:34,696: INFO/MainProcess] Writing entries...
[2020-12-15 15:28:35,253: INFO/MainProcess] Writing entries...
[2020-12-15 15:31:35,769: INFO/MainProcess] Writing entries...
[2020-12-15 15:34:36,245: INFO/MainProcess] Writing entries...
[2020-12-15 15:37:36,725: INFO/MainProcess] Writing entries...
[2020-12-15 15:40:37,224: INFO/MainProcess] Writing entries...
[2020-12-15 15:43:37,686: INFO/MainProcess] Writing entries...
[2020-12-15 15:46:38,173: INFO/MainProcess] Writing entries...
[2020-12-15 15:49:38,648: INFO/MainProcess] Writing entries...
[2020-12-15 15:52:39,182: INFO/MainProcess] Writing entries...
[2020-12-15 15:55:39,643: INFO/MainProcess] Writing entries...
[2020-12-15 15:58:40,125: INFO/MainProcess] Writing entries...
[2020-12-15 16:01:40,588: INFO/MainProcess] Writing entries...
[2020-12-15 16:04:41,091: INFO/MainProcess] Writing entries...
[2020-12-15 16:07:41,579: INFO/MainProcess] Writing entries...
[2020-12-15 16:10:42,046: INFO/MainProcess] Writing entries...
[2020-12-15 16:13:42,513: INFO/MainProcess] Writing entries...
[2020-12-15 16:16:42,990: INFO/MainProcess] Writing entries...
[2020-12-15 16:19:43,487: INFO/MainProcess] Writing entries...
[2020-12-15 16:22:44,017: INFO/MainProcess] Writing entries...
[2020-12-15 16:25:44,500: INFO/MainProcess] Writing entries...
[2020-12-15 16:28:44,994: INFO/MainProcess] Writing entries...
[2020-12-15 16:31:45,471: INFO/MainProcess] Writing entries...
[2020-12-15 16:34:45,908: INFO/MainProcess] Writing entries...
[2020-12-15 16:37:46,366: INFO/MainProcess] Writing entries...
[2020-12-15 16:40:46,842: INFO/MainProcess] Writing entries...
[2020-12-15 16:43:47,309: INFO/MainProcess] Writing entries...
[2020-12-15 16:46:47,790: INFO/MainProcess] Writing entries...
[2020-12-15 16:49:48,254: INFO/MainProcess] Writing entries...
[2020-12-15 16:52:48,747: INFO/MainProcess] Writing entries...
[2020-12-15 16:55:49,258: INFO/MainProcess] Writing entries...
[2020-12-15 16:58:49,747: INFO/MainProcess] Writing entries...
[2020-12-15 17:01:50,254: INFO/MainProcess] Writing entries...
[2020-12-15 17:04:50,693: INFO/MainProcess] Writing entries...
[2020-12-15 17:07:51,209: INFO/MainProcess] Writing entries...
[2020-12-15 17:10:51,684: INFO/MainProcess] Writing entries...
[2020-12-15 17:13:52,183: INFO/MainProcess] Writing entries...
[2020-12-15 17:16:52,685: INFO/MainProcess] Writing entries...
[2020-12-15 17:19:53,177: INFO/MainProcess] Writing entries...
[2020-12-15 17:22:53,596: INFO/MainProcess] Writing entries...
[2020-12-15 17:25:54,055: INFO/MainProcess] Writing entries...
[2020-12-15 17:28:54,532: INFO/MainProcess] Writing entries...
[2020-12-15 17:31:54,991: INFO/MainProcess] Writing entries...
[2020-12-15 17:34:55,453: INFO/MainProcess] Writing entries...
[2020-12-15 17:37:55,957: INFO/MainProcess] Writing entries...
[2020-12-15 17:40:56,436: INFO/MainProcess] Writing entries...
[2020-12-15 17:43:56,966: INFO/MainProcess] Writing entries...
[2020-12-15 17:46:57,512: INFO/MainProcess] Writing entries...
[2020-12-15 17:49:57,977: INFO/MainProcess] Writing entries...
[2020-12-15 17:52:58,458: INFO/MainProcess] Writing entries...
[2020-12-15 17:55:58,946: INFO/MainProcess] Writing entries...
[2020-12-15 17:58:59,420: INFO/MainProcess] Writing entries...
[2020-12-15 18:01:59,930: INFO/MainProcess] Writing entries...
[2020-12-15 18:05:00,392: INFO/MainProcess] Writing entries...
[2020-12-15 18:08:00,872: INFO/MainProcess] Writing entries...
[2020-12-15 18:11:01,352: INFO/MainProcess] Writing entries...
[2020-12-15 18:14:01,831: INFO/MainProcess] Writing entries...
[2020-12-15 18:17:02,336: INFO/MainProcess] Writing entries...
[2020-12-15 18:20:02,823: INFO/MainProcess] Writing entries...
[2020-12-15 18:23:03,255: INFO/MainProcess] Writing entries...
[2020-12-15 18:26:03,706: INFO/MainProcess] Writing entries...
[2020-12-15 18:29:04,201: INFO/MainProcess] Writing entries...
[2020-12-15 18:32:04,669: INFO/MainProcess] Writing entries...
[2020-12-15 18:35:05,198: INFO/MainProcess] Writing entries...
[2020-12-15 18:38:05,673: INFO/MainProcess] Writing entries...
[2020-12-15 18:41:06,166: INFO/MainProcess] Writing entries...
[2020-12-15 18:44:06,635: INFO/MainProcess] Writing entries...
[2020-12-15 18:47:07,113: INFO/MainProcess] Writing entries...
[2020-12-15 18:50:07,606: INFO/MainProcess] Writing entries...
[2020-12-15 18:53:08,042: INFO/MainProcess] Writing entries...
[2020-12-15 18:56:08,491: INFO/MainProcess] Writing entries...
[2020-12-15 18:59:09,007: INFO/MainProcess] Writing entries...
[2020-12-15 19:02:09,531: INFO/MainProcess] Writing entries...
[2020-12-15 19:05:10,040: INFO/MainProcess] Writing entries...
[2020-12-15 19:08:10,520: INFO/MainProcess] Writing entries...
[2020-12-15 19:11:11,008: INFO/MainProcess] Writing entries...
[2020-12-15 19:14:11,460: INFO/MainProcess] Writing entries...
[2020-12-15 19:17:11,921: INFO/MainProcess] Writing entries...
[2020-12-15 19:20:12,395: INFO/MainProcess] Writing entries...
[2020-12-15 19:23:12,875: INFO/MainProcess] Writing entries...
[2020-12-15 19:26:13,325: INFO/MainProcess] Writing entries...
[2020-12-15 19:29:13,841: INFO/MainProcess] Writing entries...
[2020-12-15 19:32:16,194: INFO/MainProcess] Writing entries...
[2020-12-15 19:35:16,625: INFO/MainProcess] Writing entries...
[2020-12-15 19:38:17,068: INFO/MainProcess] Writing entries...
[2020-12-15 19:41:17,515: INFO/MainProcess] Writing entries...
[2020-12-15 19:44:17,957: INFO/MainProcess] Writing entries...
[2020-12-15 19:47:18,387: INFO/MainProcess] Writing entries...
[2020-12-15 19:50:18,807: INFO/MainProcess] Writing entries...
[2020-12-15 19:53:19,227: INFO/MainProcess] Writing entries...
[2020-12-15 19:56:19,659: INFO/MainProcess] Writing entries...
[2020-12-15 19:59:20,095: INFO/MainProcess] Writing entries...
[2020-12-15 20:02:20,527: INFO/MainProcess] Writing entries...
[2020-12-15 20:05:20,971: INFO/MainProcess] Writing entries...
[2020-12-15 20:08:21,460: INFO/MainProcess] Writing entries...
[2020-12-15 20:11:21,969: INFO/MainProcess] Writing entries...
[2020-12-15 20:14:22,403: INFO/MainProcess] Writing entries...
[2020-12-15 20:17:22,863: INFO/MainProcess] Writing entries...
[2020-12-15 20:20:23,336: INFO/MainProcess] Writing entries...
[2020-12-15 20:23:23,792: INFO/MainProcess] Writing entries...
[2020-12-15 20:26:24,270: INFO/MainProcess] Writing entries...
[2020-12-15 20:29:24,762: INFO/MainProcess] Writing entries...
[2020-12-15 20:32:25,253: INFO/MainProcess] Writing entries...
[2020-12-15 20:35:25,652: INFO/MainProcess] Writing entries...
[2020-12-15 20:38:26,089: INFO/MainProcess] Writing entries...
[2020-12-15 20:41:26,536: INFO/MainProcess] Writing entries...
[2020-12-15 20:44:27,003: INFO/MainProcess] Writing entries...
[2020-12-15 20:47:27,460: INFO/MainProcess] Writing entries...
[2020-12-15 20:50:27,887: INFO/MainProcess] Writing entries...
[2020-12-15 20:53:28,381: INFO/MainProcess] Writing entries...
[2020-12-15 20:56:28,874: INFO/MainProcess] Writing entries...
[2020-12-15 20:59:29,335: INFO/MainProcess] Writing entries...
[2020-12-15 21:02:29,767: INFO/MainProcess] Writing entries...
[2020-12-15 21:05:30,205: INFO/MainProcess] Writing entries...
[2020-12-15 21:08:30,612: INFO/MainProcess] Writing entries...
[2020-12-15 21:11:31,114: INFO/MainProcess] Writing entries...
[2020-12-15 21:14:31,541: INFO/MainProcess] Writing entries...
[2020-12-15 21:17:32,013: INFO/MainProcess] Writing entries...
[2020-12-15 21:20:32,540: INFO/MainProcess] Writing entries...
[2020-12-15 21:23:33,039: INFO/MainProcess] Writing entries...
[2020-12-15 21:26:33,458: INFO/MainProcess] Writing entries...
[2020-12-15 21:29:33,951: INFO/MainProcess] Writing entries...
[2020-12-15 21:32:34,480: INFO/MainProcess] Writing entries...
[2020-12-15 21:35:34,933: INFO/MainProcess] Writing entries...
[2020-12-15 21:38:35,369: INFO/MainProcess] Writing entries...
[2020-12-15 21:41:35,855: INFO/MainProcess] Writing entries...
[2020-12-15 21:44:36,313: INFO/MainProcess] Writing entries...
[2020-12-15 21:47:36,719: INFO/MainProcess] Writing entries...
[2020-12-15 21:50:37,175: INFO/MainProcess] Writing entries...
[2020-12-15 21:53:37,591: INFO/MainProcess] Writing entries...
[2020-12-15 21:56:38,041: INFO/MainProcess] Writing entries...
[2020-12-15 21:59:38,509: INFO/MainProcess] Writing entries...
[2020-12-15 22:02:38,968: INFO/MainProcess] Writing entries...
[2020-12-15 22:05:39,415: INFO/MainProcess] Writing entries...
[2020-12-15 22:08:39,911: INFO/MainProcess] Writing entries...
[2020-12-15 22:11:40,369: INFO/MainProcess] Writing entries...
[2020-12-15 22:14:40,898: INFO/MainProcess] Writing entries...
[2020-12-15 22:17:41,383: INFO/MainProcess] Writing entries...
[2020-12-15 22:20:41,837: INFO/MainProcess] Writing entries...
[2020-12-15 22:23:42,297: INFO/MainProcess] Writing entries...
[2020-12-15 22:26:42,786: INFO/MainProcess] Writing entries...
[2020-12-15 22:29:43,221: INFO/MainProcess] Writing entries...
[2020-12-15 22:32:43,694: INFO/MainProcess] Writing entries...
[2020-12-15 22:35:44,182: INFO/MainProcess] Writing entries...
[2020-12-15 22:38:44,666: INFO/MainProcess] Writing entries...
[2020-12-15 22:41:45,088: INFO/MainProcess] Writing entries...
[2020-12-15 22:44:45,554: INFO/MainProcess] Writing entries...
[2020-12-15 22:47:46,023: INFO/MainProcess] Writing entries...
[2020-12-15 22:50:46,474: INFO/MainProcess] Writing entries...
[2020-12-15 22:53:46,964: INFO/MainProcess] Writing entries...
[2020-12-15 22:56:47,388: INFO/MainProcess] Writing entries...
[2020-12-15 22:59:47,849: INFO/MainProcess] Writing entries...
[2020-12-15 23:02:48,343: INFO/MainProcess] Writing entries...
[2020-12-15 23:05:48,820: INFO/MainProcess] Writing entries...
[2020-12-15 23:08:49,314: INFO/MainProcess] Writing entries...
[2020-12-15 23:11:49,789: INFO/MainProcess] Writing entries...
[2020-12-15 23:14:50,235: INFO/MainProcess] Writing entries...
[2020-12-15 23:17:50,698: INFO/MainProcess] Writing entries...
[2020-12-15 23:20:51,127: INFO/MainProcess] Writing entries...
[2020-12-15 23:23:51,583: INFO/MainProcess] Writing entries...
[2020-12-15 23:26:52,038: INFO/MainProcess] Writing entries...
[2020-12-15 23:29:52,531: INFO/MainProcess] Writing entries...
[2020-12-15 23:32:53,013: INFO/MainProcess] Writing entries...
[2020-12-15 23:35:53,465: INFO/MainProcess] Writing entries...
[2020-12-15 23:38:53,951: INFO/MainProcess] Writing entries...
[2020-12-15 23:41:54,410: INFO/MainProcess] Writing entries...
[2020-12-15 23:44:54,910: INFO/MainProcess] Writing entries...
[2020-12-15 23:47:55,360: INFO/MainProcess] Writing entries...
[2020-12-15 23:50:55,814: INFO/MainProcess] Writing entries...
[2020-12-15 23:53:56,253: INFO/MainProcess] Writing entries...
[2020-12-15 23:56:56,704: INFO/MainProcess] Writing entries...
[2020-12-15 23:59:57,150: INFO/MainProcess] Writing entries...
[2020-12-16 00:00:00,015: INFO/MainProcess] Scheduler: Sending due task send-hooks-failures-reports (kobo.apps.hook.tasks.failures_reports)
[2020-12-16 00:03:00,550: INFO/MainProcess] Writing entries...
[2020-12-16 00:06:01,074: INFO/MainProcess] Writing entries...
[2020-12-16 00:09:01,518: INFO/MainProcess] Writing entries...
[2020-12-16 00:12:02,043: INFO/MainProcess] Writing entries...
[2020-12-16 00:15:02,476: INFO/MainProcess] Writing entries...
[2020-12-16 00:18:02,905: INFO/MainProcess] Writing entries...
[2020-12-16 00:21:03,380: INFO/MainProcess] Writing entries...
[2020-12-16 00:24:03,859: INFO/MainProcess] Writing entries...
[2020-12-16 00:27:04,308: INFO/MainProcess] Writing entries...
[2020-12-16 00:30:04,785: INFO/MainProcess] Writing entries...
[2020-12-16 00:33:05,244: INFO/MainProcess] Writing entries...
[2020-12-16 00:36:05,734: INFO/MainProcess] Writing entries...
[2020-12-16 00:39:06,199: INFO/MainProcess] Writing entries...
[2020-12-16 00:42:06,632: INFO/MainProcess] Writing entries...
[2020-12-16 00:45:07,085: INFO/MainProcess] Writing entries...
[2020-12-16 00:48:07,578: INFO/MainProcess] Writing entries...
[2020-12-16 00:51:08,082: INFO/MainProcess] Writing entries...
[2020-12-16 00:54:08,598: INFO/MainProcess] Writing entries...
[2020-12-16 00:57:09,093: INFO/MainProcess] Writing entries...
[2020-12-16 01:00:09,622: INFO/MainProcess] Writing entries...
[2020-12-16 01:03:10,112: INFO/MainProcess] Writing entries...
[2020-12-16 01:06:10,605: INFO/MainProcess] Writing entries...
[2020-12-16 01:09:11,120: INFO/MainProcess] Writing entries...
[2020-12-16 01:12:11,637: INFO/MainProcess] Writing entries...
[2020-12-16 01:15:12,152: INFO/MainProcess] Writing entries...
[2020-12-16 01:18:12,584: INFO/MainProcess] Writing entries...
[2020-12-16 01:21:13,048: INFO/MainProcess] Writing entries...
[2020-12-16 01:24:13,480: INFO/MainProcess] Writing entries...
[2020-12-16 01:27:13,964: INFO/MainProcess] Writing entries...
[2020-12-16 01:30:14,474: INFO/MainProcess] Writing entries...
[2020-12-16 01:33:15,057: INFO/MainProcess] Writing entries...
[2020-12-16 01:36:15,526: INFO/MainProcess] Writing entries...
[2020-12-16 01:39:15,991: INFO/MainProcess] Writing entries...
[2020-12-16 01:42:16,459: INFO/MainProcess] Writing entries...
[2020-12-16 01:45:16,955: INFO/MainProcess] Writing entries...
[2020-12-16 01:48:17,462: INFO/MainProcess] Writing entries...
[2020-12-16 01:51:17,980: INFO/MainProcess] Writing entries...
[2020-12-16 01:54:18,513: INFO/MainProcess] Writing entries...
[2020-12-16 01:57:19,036: INFO/MainProcess] Writing entries...
[2020-12-16 02:00:19,548: INFO/MainProcess] Writing entries...
[2020-12-16 02:03:20,039: INFO/MainProcess] Writing entries...
[2020-12-16 02:06:20,569: INFO/MainProcess] Writing entries...
[2020-12-16 02:09:21,070: INFO/MainProcess] Writing entries...
[2020-12-16 02:12:21,530: INFO/MainProcess] Writing entries...
[2020-12-16 02:15:21,992: INFO/MainProcess] Writing entries...
[2020-12-16 02:18:22,438: INFO/MainProcess] Writing entries...
[2020-12-16 02:21:22,899: INFO/MainProcess] Writing entries...
[2020-12-16 02:24:23,353: INFO/MainProcess] Writing entries...
[2020-12-16 02:27:23,868: INFO/MainProcess] Writing entries...
[2020-12-16 02:30:24,383: INFO/MainProcess] Writing entries...
[2020-12-16 02:33:24,910: INFO/MainProcess] Writing entries...
[2020-12-16 02:36:25,405: INFO/MainProcess] Writing entries...
[2020-12-16 02:39:25,923: INFO/MainProcess] Writing entries...
[2020-12-16 02:42:26,391: INFO/MainProcess] Writing entries...
[2020-12-16 02:45:26,862: INFO/MainProcess] Writing entries...
[2020-12-16 02:48:27,376: INFO/MainProcess] Writing entries...
[2020-12-16 02:51:27,873: INFO/MainProcess] Writing entries...
[2020-12-16 02:54:28,385: INFO/MainProcess] Writing entries...
[2020-12-16 02:57:28,924: INFO/MainProcess] Writing entries...
[2020-12-16 03:00:29,448: INFO/MainProcess] Writing entries...
[2020-12-16 03:03:29,945: INFO/MainProcess] Writing entries...
[2020-12-16 03:06:30,451: INFO/MainProcess] Writing entries...
[2020-12-16 03:09:30,963: INFO/MainProcess] Writing entries...
[2020-12-16 03:12:31,449: INFO/MainProcess] Writing entries...
[2020-12-16 03:15:31,965: INFO/MainProcess] Writing entries...
[2020-12-16 03:18:32,475: INFO/MainProcess] Writing entries...
[2020-12-16 03:21:32,986: INFO/MainProcess] Writing entries...
[2020-12-16 03:24:33,499: INFO/MainProcess] Writing entries...
[2020-12-16 03:27:34,032: INFO/MainProcess] Writing entries...
[2020-12-16 03:30:34,605: INFO/MainProcess] Writing entries...
[2020-12-16 03:33:35,087: INFO/MainProcess] Writing entries...
[2020-12-16 03:36:35,548: INFO/MainProcess] Writing entries...
[2020-12-16 03:39:36,010: INFO/MainProcess] Writing entries...
[2020-12-16 03:42:36,432: INFO/MainProcess] Writing entries...
[2020-12-16 03:45:36,934: INFO/MainProcess] Writing entries...
[2020-12-16 03:48:37,438: INFO/MainProcess] Writing entries...
[2020-12-16 03:51:37,947: INFO/MainProcess] Writing entries...
[2020-12-16 03:54:38,377: INFO/MainProcess] Writing entries...
[2020-12-16 03:57:38,850: INFO/MainProcess] Writing entries...
[2020-12-16 04:00:00,001: INFO/MainProcess] Scheduler: Sending due task celery.backend_cleanup (celery.backend_cleanup)
[2020-12-16 04:00:40,100: INFO/MainProcess] Writing entries...
[2020-12-16 04:03:40,594: INFO/MainProcess] Writing entries...
[2020-12-16 04:06:41,046: INFO/MainProcess] Writing entries...
[2020-12-16 04:09:41,503: INFO/MainProcess] Writing entries...
[2020-12-16 04:12:41,957: INFO/MainProcess] Writing entries...
[2020-12-16 04:15:42,473: INFO/MainProcess] Writing entries...
[2020-12-16 04:18:42,991: INFO/MainProcess] Writing entries...
[2020-12-16 04:21:43,463: INFO/MainProcess] Writing entries...
[2020-12-16 04:24:43,925: INFO/MainProcess] Writing entries...
[2020-12-16 04:27:44,455: INFO/MainProcess] Writing entries...
[2020-12-16 04:30:44,905: INFO/MainProcess] Writing entries...
[2020-12-16 04:33:45,353: INFO/MainProcess] Writing entries...
[2020-12-16 04:36:45,839: INFO/MainProcess] Writing entries...
[2020-12-16 04:39:46,363: INFO/MainProcess] Writing entries...
[2020-12-16 04:42:46,853: INFO/MainProcess] Writing entries...
[2020-12-16 04:45:47,356: INFO/MainProcess] Writing entries...
[2020-12-16 04:48:47,867: INFO/MainProcess] Writing entries...
[2020-12-16 04:51:48,354: INFO/MainProcess] Writing entries...
[2020-12-16 04:54:48,888: INFO/MainProcess] Writing entries...
[2020-12-16 04:57:49,389: INFO/MainProcess] Writing entries...
[2020-12-16 05:00:49,944: INFO/MainProcess] Writing entries...
[2020-12-16 05:03:50,467: INFO/MainProcess] Writing entries...
[2020-12-16 05:06:50,948: INFO/MainProcess] Writing entries...
[2020-12-16 05:09:51,423: INFO/MainProcess] Writing entries...
[2020-12-16 05:12:51,945: INFO/MainProcess] Writing entries...
[2020-12-16 05:15:52,462: INFO/MainProcess] Writing entries...
[2020-12-16 05:18:52,991: INFO/MainProcess] Writing entries...
[2020-12-16 05:21:53,524: INFO/MainProcess] Writing entries...
[2020-12-16 05:24:54,032: INFO/MainProcess] Writing entries...
[2020-12-16 05:27:54,501: INFO/MainProcess] Writing entries...
[2020-12-16 05:30:55,005: INFO/MainProcess] Writing entries...
[2020-12-16 05:33:55,502: INFO/MainProcess] Writing entries...
[2020-12-16 05:36:55,957: INFO/MainProcess] Writing entries...
[2020-12-16 05:39:56,407: INFO/MainProcess] Writing entries...
[2020-12-16 05:42:56,935: INFO/MainProcess] Writing entries...
[2020-12-16 05:45:57,416: INFO/MainProcess] Writing entries...
[2020-12-16 05:48:57,919: INFO/MainProcess] Writing entries...
[2020-12-16 05:51:58,439: INFO/MainProcess] Writing entries...
[2020-12-16 05:54:58,940: INFO/MainProcess] Writing entries...
[2020-12-16 05:57:59,467: INFO/MainProcess] Writing entries...
[2020-12-16 06:00:59,916: INFO/MainProcess] Writing entries...
[2020-12-16 06:04:00,375: INFO/MainProcess] Writing entries...
[2020-12-16 06:07:00,860: INFO/MainProcess] Writing entries...
[2020-12-16 06:10:01,339: INFO/MainProcess] Writing entries...
[2020-12-16 06:13:01,801: INFO/MainProcess] Writing entries...
[2020-12-16 06:16:02,271: INFO/MainProcess] Writing entries...
[2020-12-16 06:19:02,733: INFO/MainProcess] Writing entries...
[2020-12-16 06:22:03,281: INFO/MainProcess] Writing entries...
[2020-12-16 06:25:03,788: INFO/MainProcess] Writing entries...
[2020-12-16 06:28:04,235: INFO/MainProcess] Writing entries...
[2020-12-16 06:31:04,671: INFO/MainProcess] Writing entries...
[2020-12-16 06:34:05,154: INFO/MainProcess] Writing entries...
[2020-12-16 06:37:05,650: INFO/MainProcess] Writing entries...
[2020-12-16 06:40:06,172: INFO/MainProcess] Writing entries...
[2020-12-16 06:43:06,671: INFO/MainProcess] Writing entries...
[2020-12-16 06:46:07,174: INFO/MainProcess] Writing entries...
[2020-12-16 06:49:07,596: INFO/MainProcess] Writing entries...
[2020-12-16 06:52:08,021: INFO/MainProcess] Writing entries...
[2020-12-16 06:55:08,434: INFO/MainProcess] Writing entries...
[2020-12-16 06:58:08,891: INFO/MainProcess] Writing entries...
[2020-12-16 07:01:09,327: INFO/MainProcess] Writing entries...
[2020-12-16 07:04:09,786: INFO/MainProcess] Writing entries...
[2020-12-16 07:07:10,266: INFO/MainProcess] Writing entries...
[2020-12-16 07:10:10,773: INFO/MainProcess] Writing entries...
[2020-12-16 07:13:11,274: INFO/MainProcess] Writing entries...
[2020-12-16 07:16:11,726: INFO/MainProcess] Writing entries...
[2020-12-16 07:19:12,193: INFO/MainProcess] Writing entries...
[2020-12-16 07:22:12,656: INFO/MainProcess] Writing entries...
[2020-12-16 07:25:13,121: INFO/MainProcess] Writing entries...
[2020-12-16 07:28:13,537: INFO/MainProcess] Writing entries...
[2020-12-16 07:31:13,988: INFO/MainProcess] Writing entries...
[2020-12-16 07:34:14,473: INFO/MainProcess] Writing entries...
[2020-12-16 07:37:14,927: INFO/MainProcess] Writing entries...
[2020-12-16 07:40:15,360: INFO/MainProcess] Writing entries...
[2020-12-16 07:43:15,812: INFO/MainProcess] Writing entries...
[2020-12-16 07:46:16,242: INFO/MainProcess] Writing entries...
[2020-12-16 07:49:16,694: INFO/MainProcess] Writing entries...
[2020-12-16 07:52:17,196: INFO/MainProcess] Writing entries...
[2020-12-16 07:55:17,680: INFO/MainProcess] Writing entries...
[2020-12-16 07:58:18,158: INFO/MainProcess] Writing entries...
[2020-12-16 08:01:18,671: INFO/MainProcess] Writing entries...
[2020-12-16 08:04:19,180: INFO/MainProcess] Writing entries...
[2020-12-16 08:07:19,661: INFO/MainProcess] Writing entries...
[2020-12-16 08:10:20,111: INFO/MainProcess] Writing entries...
[2020-12-16 08:13:20,581: INFO/MainProcess] Writing entries...
[2020-12-16 08:16:21,079: INFO/MainProcess] Writing entries...
[2020-12-16 08:19:21,507: INFO/MainProcess] Writing entries...
[2020-12-16 08:22:21,971: INFO/MainProcess] Writing entries...
[2020-12-16 08:25:22,447: INFO/MainProcess] Writing entries...
[2020-12-16 08:28:22,907: INFO/MainProcess] Writing entries...
[2020-12-16 08:31:23,383: INFO/MainProcess] Writing entries...
[2020-12-16 08:34:23,876: INFO/MainProcess] Writing entries...
[2020-12-16 08:37:24,359: INFO/MainProcess] Writing entries...
[2020-12-16 08:40:24,863: INFO/MainProcess] Writing entries...
[2020-12-16 08:43:25,387: INFO/MainProcess] Writing entries...
[2020-12-16 08:46:25,883: INFO/MainProcess] Writing entries...
[2020-12-16 08:49:26,373: INFO/MainProcess] Writing entries...
[2020-12-16 08:52:26,892: INFO/MainProcess] Writing entries...
[2020-12-16 08:55:27,418: INFO/MainProcess] Writing entries...
[2020-12-16 08:58:27,910: INFO/MainProcess] Writing entries...
[2020-12-16 09:01:28,409: INFO/MainProcess] Writing entries...
[2020-12-16 09:04:28,889: INFO/MainProcess] Writing entries...
[2020-12-16 09:07:29,397: INFO/MainProcess] Writing entries...
[2020-12-16 09:10:29,905: INFO/MainProcess] Writing entries...
[2020-12-16 09:13:30,394: INFO/MainProcess] Writing entries...
[2020-12-16 09:16:30,877: INFO/MainProcess] Writing entries...
[2020-12-16 09:19:31,393: INFO/MainProcess] Writing entries...
[2020-12-16 09:22:31,884: INFO/MainProcess] Writing entries...
[2020-12-16 09:25:32,388: INFO/MainProcess] Writing entries...
[2020-12-16 09:28:32,871: INFO/MainProcess] Writing entries...
[2020-12-16 09:31:33,358: INFO/MainProcess] Writing entries...
[2020-12-16 09:34:33,825: INFO/MainProcess] Writing entries...
[2020-12-16 09:37:34,318: INFO/MainProcess] Writing entries...
[2020-12-16 09:40:34,751: INFO/MainProcess] Writing entries...
[2020-12-16 09:43:35,212: INFO/MainProcess] Writing entries...
[2020-12-16 09:46:35,684: INFO/MainProcess] Writing entries...
[2020-12-16 09:49:36,102: INFO/MainProcess] Writing entries...
[2020-12-16 09:52:36,595: INFO/MainProcess] Writing entries...
[2020-12-16 09:55:37,060: INFO/MainProcess] Writing entries...
[2020-12-16 09:58:37,497: INFO/MainProcess] Writing entries...
[2020-12-16 10:01:37,934: INFO/MainProcess] Writing entries...
[2020-12-16 10:04:38,372: INFO/MainProcess] Writing entries...
[2020-12-16 10:07:38,811: INFO/MainProcess] Writing entries...
[2020-12-16 10:10:39,288: INFO/MainProcess] Writing entries...
[2020-12-16 10:13:39,731: INFO/MainProcess] Writing entries...
[2020-12-16 10:16:40,158: INFO/MainProcess] Writing entries...
[2020-12-16 10:19:40,554: INFO/MainProcess] Writing entries...
[2020-12-16 10:22:40,980: INFO/MainProcess] Writing entries...
[2020-12-16 10:25:41,451: INFO/MainProcess] Writing entries...
[2020-12-16 10:28:41,858: INFO/MainProcess] Writing entries...
[2020-12-16 10:31:42,292: INFO/MainProcess] Writing entries...
[2020-12-16 10:34:42,773: INFO/MainProcess] Writing entries...
[2020-12-16 10:37:43,264: INFO/MainProcess] Writing entries...
[2020-12-16 10:40:43,689: INFO/MainProcess] Writing entries...
[2020-12-16 10:43:44,120: INFO/MainProcess] Writing entries...
[2020-12-16 10:46:44,623: INFO/MainProcess] Writing entries...
[2020-12-16 10:49:45,117: INFO/MainProcess] Writing entries...
[2020-12-16 10:52:45,576: INFO/MainProcess] Writing entries...
[2020-12-16 10:55:46,021: INFO/MainProcess] Writing entries...
[2020-12-16 10:58:46,452: INFO/MainProcess] Writing entries...
[2020-12-16 11:01:46,913: INFO/MainProcess] Writing entries...
[2020-12-16 11:04:47,349: INFO/MainProcess] Writing entries...
[2020-12-16 11:07:47,798: INFO/MainProcess] Writing entries...
[2020-12-16 11:10:48,240: INFO/MainProcess] Writing entries...
[2020-12-16 11:13:48,672: INFO/MainProcess] Writing entries...
[2020-12-16 11:16:49,128: INFO/MainProcess] Writing entries...
[2020-12-16 11:19:49,621: INFO/MainProcess] Writing entries...
[2020-12-16 11:22:50,045: INFO/MainProcess] Writing entries...
[2020-12-16 11:25:50,506: INFO/MainProcess] Writing entries...
[2020-12-16 11:28:50,941: INFO/MainProcess] Writing entries...
[2020-12-16 11:31:51,443: INFO/MainProcess] Writing entries...
[2020-12-16 11:34:51,940: INFO/MainProcess] Writing entries...
[2020-12-16 11:37:52,394: INFO/MainProcess] Writing entries...
[2020-12-16 11:40:52,822: INFO/MainProcess] Writing entries...
[2020-12-16 11:43:53,268: INFO/MainProcess] Writing entries...
[2020-12-16 11:46:53,707: INFO/MainProcess] Writing entries...
[2020-12-16 11:49:54,176: INFO/MainProcess] Writing entries...
[2020-12-16 11:52:54,638: INFO/MainProcess] Writing entries...
[2020-12-16 11:55:55,102: INFO/MainProcess] Writing entries...
[2020-12-16 11:58:55,537: INFO/MainProcess] Writing entries...
[2020-12-16 12:01:55,974: INFO/MainProcess] Writing entries...
[2020-12-16 12:04:56,419: INFO/MainProcess] Writing entries...
[2020-12-16 12:07:56,890: INFO/MainProcess] Writing entries...
[2020-12-16 12:10:57,381: INFO/MainProcess] Writing entries...
[2020-12-16 12:13:57,852: INFO/MainProcess] Writing entries...
[2020-12-16 12:16:58,280: INFO/MainProcess] Writing entries...
[2020-12-16 12:19:58,743: INFO/MainProcess] Writing entries...
[2020-12-16 12:22:59,185: INFO/MainProcess] Writing entries...
[2020-12-16 12:25:59,618: INFO/MainProcess] Writing entries...
[2020-12-16 12:29:00,124: INFO/MainProcess] Writing entries...
[2020-12-16 12:32:00,574: INFO/MainProcess] Writing entries...
[2020-12-16 12:35:01,031: INFO/MainProcess] Writing entries...
[2020-12-16 12:38:01,499: INFO/MainProcess] Writing entries...
[2020-12-16 12:41:01,939: INFO/MainProcess] Writing entries...
[2020-12-16 12:44:02,390: INFO/MainProcess] Writing entries...
[2020-12-16 12:47:02,864: INFO/MainProcess] Writing entries...
[2020-12-16 12:50:03,281: INFO/MainProcess] Writing entries...
[2020-12-16 12:53:03,727: INFO/MainProcess] Writing entries...
[2020-12-16 12:56:04,164: INFO/MainProcess] Writing entries...
[2020-12-16 12:59:04,589: INFO/MainProcess] Writing entries...
[2020-12-16 13:02:05,003: INFO/MainProcess] Writing entries...
[2020-12-16 13:05:05,465: INFO/MainProcess] Writing entries...
[2020-12-16 13:08:05,947: INFO/MainProcess] Writing entries...
[2020-12-16 13:11:06,395: INFO/MainProcess] Writing entries...
[2020-12-16 13:14:06,894: INFO/MainProcess] Writing entries...
[2020-12-16 13:17:07,351: INFO/MainProcess] Writing entries...
[2020-12-16 13:20:07,775: INFO/MainProcess] Writing entries...
[2020-12-16 13:23:08,246: INFO/MainProcess] Writing entries...
[2020-12-16 13:26:08,684: INFO/MainProcess] Writing entries...
[2020-12-16 13:29:09,147: INFO/MainProcess] Writing entries...
[2020-12-16 13:32:09,631: INFO/MainProcess] Writing entries...
[2020-12-16 13:35:10,073: INFO/MainProcess] Writing entries...
[2020-12-16 13:38:10,554: INFO/MainProcess] Writing entries...
[2020-12-16 13:41:11,024: INFO/MainProcess] Writing entries...
[2020-12-16 13:44:11,460: INFO/MainProcess] Writing entries...
[2020-12-16 13:47:11,936: INFO/MainProcess] Writing entries...
[2020-12-16 13:50:12,375: INFO/MainProcess] Writing entries...
[2020-12-16 13:53:12,823: INFO/MainProcess] Writing entries...
[2020-12-16 13:56:13,255: INFO/MainProcess] Writing entries...
[2020-12-16 13:59:13,678: INFO/MainProcess] Writing entries...
[2020-12-16 14:02:14,166: INFO/MainProcess] Writing entries...
[2020-12-16 14:05:14,625: INFO/MainProcess] Writing entries...
[2020-12-16 14:08:15,102: INFO/MainProcess] Writing entries...
[2020-12-16 14:11:15,573: INFO/MainProcess] Writing entries...
[2020-12-16 14:14:16,054: INFO/MainProcess] Writing entries...
[2020-12-16 14:17:16,537: INFO/MainProcess] Writing entries...
[2020-12-16 14:20:16,996: INFO/MainProcess] Writing entries...
[2020-12-16 14:23:17,502: INFO/MainProcess] Writing entries...
[2020-12-16 14:26:18,006: INFO/MainProcess] Writing entries...
[2020-12-16 14:29:18,501: INFO/MainProcess] Writing entries...
[2020-12-16 14:32:19,010: INFO/MainProcess] Writing entries...
[2020-12-16 14:35:19,492: INFO/MainProcess] Writing entries...
[2020-12-16 14:38:19,923: INFO/MainProcess] Writing entries...
[2020-12-16 14:41:20,383: INFO/MainProcess] Writing entries...
[2020-12-16 14:44:20,859: INFO/MainProcess] Writing entries...
[2020-12-16 14:47:21,289: INFO/MainProcess] Writing entries...
[2020-12-16 14:50:21,733: INFO/MainProcess] Writing entries...
[2020-12-16 14:53:22,201: INFO/MainProcess] Writing entries...
[2020-12-16 14:56:22,625: INFO/MainProcess] Writing entries...
[2020-12-16 14:59:23,055: INFO/MainProcess] Writing entries...
[2020-12-16 15:02:23,537: INFO/MainProcess] Writing entries...
[2020-12-16 15:05:24,017: INFO/MainProcess] Writing entries...
[2020-12-16 15:08:24,557: INFO/MainProcess] Writing entries...
[2020-12-16 15:11:25,109: INFO/MainProcess] Writing entries...
[2020-12-16 15:14:25,563: INFO/MainProcess] Writing entries...
[2020-12-16 15:17:26,011: INFO/MainProcess] Writing entries...
[2020-12-16 15:20:26,487: INFO/MainProcess] Writing entries...
[2020-12-16 15:23:26,912: INFO/MainProcess] Writing entries...
[2020-12-16 15:26:27,367: INFO/MainProcess] Writing entries...
[2020-12-16 15:29:27,878: INFO/MainProcess] Writing entries...
[2020-12-16 15:32:28,353: INFO/MainProcess] Writing entries...
[2020-12-16 15:35:28,864: INFO/MainProcess] Writing entries...
[2020-12-16 15:38:29,338: INFO/MainProcess] Writing entries...
[2020-12-16 15:41:29,868: INFO/MainProcess] Writing entries...
[2020-12-16 15:44:30,404: INFO/MainProcess] Writing entries...
[2020-12-16 15:47:30,909: INFO/MainProcess] Writing entries...
[2020-12-16 15:50:31,363: INFO/MainProcess] Writing entries...
[2020-12-16 15:53:31,834: INFO/MainProcess] Writing entries...
[2020-12-16 15:56:32,229: INFO/MainProcess] Writing entries...
[2020-12-16 15:59:32,733: INFO/MainProcess] Writing entries...
[2020-12-16 16:02:33,214: INFO/MainProcess] Writing entries...
[2020-12-16 16:05:33,655: INFO/MainProcess] Writing entries...
[2020-12-16 16:08:34,131: INFO/MainProcess] Writing entries...
[2020-12-16 16:11:34,535: INFO/MainProcess] Writing entries...
[2020-12-16 16:14:35,003: INFO/MainProcess] Writing entries...
[2020-12-16 16:17:35,469: INFO/MainProcess] Writing entries...
[2020-12-16 16:20:35,934: INFO/MainProcess] Writing entries...
[2020-12-16 16:23:36,410: INFO/MainProcess] Writing entries...
[2020-12-16 16:26:36,875: INFO/MainProcess] Writing entries...
[2020-12-16 16:29:37,376: INFO/MainProcess] Writing entries...
[2020-12-16 16:32:37,872: INFO/MainProcess] Writing entries...
[2020-12-16 16:35:38,350: INFO/MainProcess] Writing entries...
[2020-12-16 16:38:38,816: INFO/MainProcess] Writing entries...
[2020-12-16 16:41:39,287: INFO/MainProcess] Writing entries...
[2020-12-16 16:44:39,703: INFO/MainProcess] Writing entries...
[2020-12-16 16:47:40,215: INFO/MainProcess] Writing entries...
[2020-12-16 16:50:40,656: INFO/MainProcess] Writing entries...
[2020-12-16 16:53:41,133: INFO/MainProcess] Writing entries...
[2020-12-16 16:56:41,619: INFO/MainProcess] Writing entries...
[2020-12-16 16:59:42,053: INFO/MainProcess] Writing entries...
[2020-12-16 17:02:42,476: INFO/MainProcess] Writing entries...
[2020-12-16 17:05:42,944: INFO/MainProcess] Writing entries...
[2020-12-16 17:08:43,420: INFO/MainProcess] Writing entries...
[2020-12-16 17:11:43,867: INFO/MainProcess] Writing entries...
[2020-12-16 17:14:44,313: INFO/MainProcess] Writing entries...
[2020-12-16 17:17:44,819: INFO/MainProcess] Writing entries...
[2020-12-16 17:20:45,323: INFO/MainProcess] Writing entries...
[2020-12-16 17:23:45,775: INFO/MainProcess] Writing entries...
[2020-12-16 17:26:46,239: INFO/MainProcess] Writing entries...
[2020-12-16 17:29:46,669: INFO/MainProcess] Writing entries...
[2020-12-16 17:32:47,104: INFO/MainProcess] Writing entries...
[2020-12-16 17:35:47,522: INFO/MainProcess] Writing entries...
[2020-12-16 17:38:48,024: INFO/MainProcess] Writing entries...
[2020-12-16 17:41:48,490: INFO/MainProcess] Writing entries...
[2020-12-16 17:44:48,953: INFO/MainProcess] Writing entries...
[2020-12-16 17:47:49,435: INFO/MainProcess] Writing entries...
[2020-12-16 17:50:49,917: INFO/MainProcess] Writing entries...
[2020-12-16 17:53:50,359: INFO/MainProcess] Writing entries...
[2020-12-16 17:56:50,815: INFO/MainProcess] Writing entries...
[2020-12-16 17:59:51,286: INFO/MainProcess] Writing entries...
[2020-12-16 18:02:51,719: INFO/MainProcess] Writing entries...
[2020-12-16 18:05:52,197: INFO/MainProcess] Writing entries...
[2020-12-16 18:08:52,651: INFO/MainProcess] Writing entries...
[2020-12-16 18:11:53,106: INFO/MainProcess] Writing entries...
[2020-12-16 18:14:53,548: INFO/MainProcess] Writing entries...
[2020-12-16 18:17:54,011: INFO/MainProcess] Writing entries...
[2020-12-16 18:20:54,442: INFO/MainProcess] Writing entries...
[2020-12-16 18:23:54,890: INFO/MainProcess] Writing entries...
[2020-12-16 18:26:55,362: INFO/MainProcess] Writing entries...
[2020-12-16 18:29:55,837: INFO/MainProcess] Writing entries...
[2020-12-16 18:32:56,319: INFO/MainProcess] Writing entries...
[2020-12-16 18:35:56,789: INFO/MainProcess] Writing entries...
[2020-12-16 18:38:57,241: INFO/MainProcess] Writing entries...
[2020-12-16 18:41:57,712: INFO/MainProcess] Writing entries...
[2020-12-16 18:44:58,125: INFO/MainProcess] Writing entries...
[2020-12-16 18:47:58,543: INFO/MainProcess] Writing entries...
[2020-12-16 18:50:58,978: INFO/MainProcess] Writing entries...
[2020-12-16 18:53:59,390: INFO/MainProcess] Writing entries...
[2020-12-16 18:56:59,795: INFO/MainProcess] Writing entries...
[2020-12-16 19:00:00,264: INFO/MainProcess] Writing entries...
[2020-12-16 19:03:00,714: INFO/MainProcess] Writing entries...
[2020-12-16 19:06:01,177: INFO/MainProcess] Writing entries...
[2020-12-16 19:09:01,595: INFO/MainProcess] Writing entries...
[2020-12-16 19:12:02,059: INFO/MainProcess] Writing entries...
[2020-12-16 19:15:02,529: INFO/MainProcess] Writing entries...
[2020-12-16 19:18:02,976: INFO/MainProcess] Writing entries...
[2020-12-16 19:21:03,440: INFO/MainProcess] Writing entries...
[2020-12-16 19:24:03,864: INFO/MainProcess] Writing entries...
[2020-12-16 19:27:04,322: INFO/MainProcess] Writing entries...
[2020-12-16 19:30:04,760: INFO/MainProcess] Writing entries...
[2020-12-16 19:33:05,255: INFO/MainProcess] Writing entries...
[2020-12-16 19:36:05,748: INFO/MainProcess] Writing entries...
[2020-12-16 19:39:06,204: INFO/MainProcess] Writing entries...
[2020-12-16 19:42:06,647: INFO/MainProcess] Writing entries...
[2020-12-16 19:45:07,075: INFO/MainProcess] Writing entries...
[2020-12-16 19:48:07,532: INFO/MainProcess] Writing entries...
[2020-12-16 19:51:07,955: INFO/MainProcess] Writing entries...
[2020-12-16 19:54:08,428: INFO/MainProcess] Writing entries...
[2020-12-16 19:57:08,875: INFO/MainProcess] Writing entries...
[2020-12-16 20:00:09,343: INFO/MainProcess] Writing entries...
[2020-12-16 20:03:09,795: INFO/MainProcess] Writing entries...
[2020-12-16 20:06:10,203: INFO/MainProcess] Writing entries...
[2020-12-16 20:09:10,648: INFO/MainProcess] Writing entries...
[2020-12-16 20:12:11,137: INFO/MainProcess] Writing entries...
[2020-12-16 20:15:11,579: INFO/MainProcess] Writing entries...
[2020-12-16 20:18:12,032: INFO/MainProcess] Writing entries...
[2020-12-16 20:21:12,532: INFO/MainProcess] Writing entries...
[2020-12-16 20:24:12,965: INFO/MainProcess] Writing entries...
[2020-12-16 20:27:13,400: INFO/MainProcess] Writing entries...
[2020-12-16 20:30:13,844: INFO/MainProcess] Writing entries...
[2020-12-16 20:33:14,273: INFO/MainProcess] Writing entries...
[2020-12-16 20:36:14,737: INFO/MainProcess] Writing entries...
[2020-12-16 20:39:15,197: INFO/MainProcess] Writing entries...
[2020-12-16 20:42:15,633: INFO/MainProcess] Writing entries...
[2020-12-16 20:45:16,091: INFO/MainProcess] Writing entries...
[2020-12-16 20:48:16,553: INFO/MainProcess] Writing entries...
[2020-12-16 20:51:17,007: INFO/MainProcess] Writing entries...
[2020-12-16 20:54:17,407: INFO/MainProcess] Writing entries...
[2020-12-16 20:57:17,838: INFO/MainProcess] Writing entries...
[2020-12-16 21:00:18,287: INFO/MainProcess] Writing entries...
[2020-12-16 21:03:18,768: INFO/MainProcess] Writing entries...
[2020-12-16 21:06:19,253: INFO/MainProcess] Writing entries...
[2020-12-16 21:09:19,748: INFO/MainProcess] Writing entries...
[2020-12-16 21:12:20,167: INFO/MainProcess] Writing entries...
[2020-12-16 21:15:20,646: INFO/MainProcess] Writing entries...
[2020-12-16 21:18:21,121: INFO/MainProcess] Writing entries...
[2020-12-16 21:21:21,571: INFO/MainProcess] Writing entries...
[2020-12-16 21:24:22,051: INFO/MainProcess] Writing entries...
[2020-12-16 21:27:22,519: INFO/MainProcess] Writing entries...
[2020-12-16 21:30:22,961: INFO/MainProcess] Writing entries...
[2020-12-16 21:33:23,378: INFO/MainProcess] Writing entries...
[2020-12-16 21:36:23,835: INFO/MainProcess] Writing entries...
[2020-12-16 21:39:24,288: INFO/MainProcess] Writing entries...
[2020-12-16 21:42:24,784: INFO/MainProcess] Writing entries...
[2020-12-16 21:45:25,260: INFO/MainProcess] Writing entries...
[2020-12-16 21:48:25,727: INFO/MainProcess] Writing entries...
[2020-12-16 21:51:26,147: INFO/MainProcess] Writing entries...
[2020-12-16 21:54:26,591: INFO/MainProcess] Writing entries...
[2020-12-16 21:57:27,022: INFO/MainProcess] Writing entries...
[2020-12-16 22:00:27,471: INFO/MainProcess] Writing entries...
[2020-12-16 22:03:27,907: INFO/MainProcess] Writing entries...
[2020-12-16 22:06:28,387: INFO/MainProcess] Writing entries...
[2020-12-16 22:09:28,805: INFO/MainProcess] Writing entries...
[2020-12-16 22:12:29,219: INFO/MainProcess] Writing entries...
[2020-12-16 22:15:29,650: INFO/MainProcess] Writing entries...
[2020-12-16 22:18:30,153: INFO/MainProcess] Writing entries...
[2020-12-16 22:21:30,639: INFO/MainProcess] Writing entries...
[2020-12-16 22:24:31,077: INFO/MainProcess] Writing entries...
[2020-12-16 22:27:31,573: INFO/MainProcess] Writing entries...
[2020-12-16 22:30:32,019: INFO/MainProcess] Writing entries...
[2020-12-16 22:33:32,488: INFO/MainProcess] Writing entries...
[2020-12-16 22:36:32,946: INFO/MainProcess] Writing entries...
[2020-12-16 22:39:33,407: INFO/MainProcess] Writing entries...
[2020-12-16 22:42:33,850: INFO/MainProcess] Writing entries...
[2020-12-16 22:45:34,304: INFO/MainProcess] Writing entries...
[2020-12-16 22:48:34,790: INFO/MainProcess] Writing entries...
[2020-12-16 22:51:35,257: INFO/MainProcess] Writing entries...
[2020-12-16 22:54:35,738: INFO/MainProcess] Writing entries...
[2020-12-16 22:57:36,161: INFO/MainProcess] Writing entries...
[2020-12-16 23:00:36,610: INFO/MainProcess] Writing entries...
[2020-12-16 23:03:37,101: INFO/MainProcess] Writing entries...
[2020-12-16 23:06:37,557: INFO/MainProcess] Writing entries...
[2020-12-16 23:09:37,992: INFO/MainProcess] Writing entries...
[2020-12-16 23:12:38,427: INFO/MainProcess] Writing entries...
[2020-12-16 23:15:38,880: INFO/MainProcess] Writing entries...
[2020-12-16 23:18:39,313: INFO/MainProcess] Writing entries...
[2020-12-16 23:21:39,827: INFO/MainProcess] Writing entries...
[2020-12-16 23:24:40,327: INFO/MainProcess] Writing entries...
[2020-12-16 23:27:40,739: INFO/MainProcess] Writing entries...
[2020-12-16 23:30:41,171: INFO/MainProcess] Writing entries...
[2020-12-16 23:33:41,613: INFO/MainProcess] Writing entries...
[2020-12-16 23:36:42,078: INFO/MainProcess] Writing entries...
[2020-12-16 23:39:42,525: INFO/MainProcess] Writing entries...
[2020-12-16 23:42:42,983: INFO/MainProcess] Writing entries...
[2020-12-16 23:45:43,427: INFO/MainProcess] Writing entries...
[2020-12-16 23:48:43,893: INFO/MainProcess] Writing entries...
[2020-12-16 23:51:44,358: INFO/MainProcess] Writing entries...
[2020-12-16 23:54:44,805: INFO/MainProcess] Writing entries...
[2020-12-16 23:57:45,241: INFO/MainProcess] Writing entries...
[2020-12-17 00:00:00,002: INFO/MainProcess] Scheduler: Sending due task send-hooks-failures-reports (kobo.apps.hook.tasks.failures_reports)
[2020-12-17 00:00:50,132: INFO/MainProcess] Writing entries...
[2020-12-17 00:03:50,619: INFO/MainProcess] Writing entries...
[2020-12-17 00:06:51,082: INFO/MainProcess] Writing entries...
[2020-12-17 00:09:51,509: INFO/MainProcess] Writing entries...
[2020-12-17 00:12:51,995: INFO/MainProcess] Writing entries...
[2020-12-17 00:15:52,447: INFO/MainProcess] Writing entries...
[2020-12-17 00:18:52,887: INFO/MainProcess] Writing entries...
[2020-12-17 00:21:53,329: INFO/MainProcess] Writing entries...
[2020-12-17 00:24:53,793: INFO/MainProcess] Writing entries...
[2020-12-17 00:27:54,289: INFO/MainProcess] Writing entries...
[2020-12-17 00:30:54,749: INFO/MainProcess] Writing entries...
[2020-12-17 00:33:55,172: INFO/MainProcess] Writing entries...
[2020-12-17 00:36:55,627: INFO/MainProcess] Writing entries...
[2020-12-17 00:39:56,083: INFO/MainProcess] Writing entries...
[2020-12-17 00:42:56,577: INFO/MainProcess] Writing entries...
[2020-12-17 00:45:57,108: INFO/MainProcess] Writing entries...
[2020-12-17 00:48:57,621: INFO/MainProcess] Writing entries...
[2020-12-17 00:51:58,087: INFO/MainProcess] Writing entries...
[2020-12-17 00:54:58,543: INFO/MainProcess] Writing entries...
[2020-12-17 00:57:58,974: INFO/MainProcess] Writing entries...
[2020-12-17 01:00:59,440: INFO/MainProcess] Writing entries...
[2020-12-17 01:03:59,900: INFO/MainProcess] Writing entries...
[2020-12-17 01:07:00,342: INFO/MainProcess] Writing entries...
[2020-12-17 01:10:00,838: INFO/MainProcess] Writing entries...
[2020-12-17 01:13:01,342: INFO/MainProcess] Writing entries...
[2020-12-17 01:16:01,869: INFO/MainProcess] Writing entries...
[2020-12-17 01:19:02,355: INFO/MainProcess] Writing entries...
[2020-12-17 01:22:02,852: INFO/MainProcess] Writing entries...
[2020-12-17 01:25:03,361: INFO/MainProcess] Writing entries...
[2020-12-17 01:28:03,855: INFO/MainProcess] Writing entries...
[2020-12-17 01:31:04,364: INFO/MainProcess] Writing entries...
[2020-12-17 01:34:04,859: INFO/MainProcess] Writing entries...
[2020-12-17 01:37:05,325: INFO/MainProcess] Writing entries...
[2020-12-17 01:40:05,831: INFO/MainProcess] Writing entries...
[2020-12-17 01:43:06,302: INFO/MainProcess] Writing entries...
[2020-12-17 01:46:06,730: INFO/MainProcess] Writing entries...
[2020-12-17 01:49:07,190: INFO/MainProcess] Writing entries...
[2020-12-17 01:52:07,669: INFO/MainProcess] Writing entries...
[2020-12-17 01:55:08,112: INFO/MainProcess] Writing entries...
[2020-12-17 01:58:08,539: INFO/MainProcess] Writing entries...
[2020-12-17 02:01:09,006: INFO/MainProcess] Writing entries...
[2020-12-17 02:04:09,427: INFO/MainProcess] Writing entries...
[2020-12-17 02:07:09,873: INFO/MainProcess] Writing entries...
[2020-12-17 02:10:10,329: INFO/MainProcess] Writing entries...
[2020-12-17 02:13:10,797: INFO/MainProcess] Writing entries...
[2020-12-17 02:16:11,315: INFO/MainProcess] Writing entries...
[2020-12-17 02:18:02,980: INFO/MainProcess] beat: Starting...
[2020-12-17 02:18:02,980: INFO/MainProcess] Writing entries...
[2020-12-17 02:18:03,052: INFO/MainProcess] DatabaseScheduler: Schedule changed.
[2020-12-17 02:18:03,052: INFO/MainProcess] Writing entries...
[2020-12-17 02:18:08,091: INFO/MainProcess] Writing entries...
[2020-12-17 02:21:08,573: INFO/MainProcess] Writing entries...
[2020-12-17 02:24:09,105: INFO/MainProcess] Writing entries...
[2020-12-17 02:27:09,588: INFO/MainProcess] Writing entries...
[2020-12-17 02:30:10,052: INFO/MainProcess] Writing entries...
[2020-12-17 02:33:10,530: INFO/MainProcess] Writing entries...
[2020-12-17 02:36:11,012: INFO/MainProcess] Writing entries...
[2020-12-17 02:39:11,528: INFO/MainProcess] Writing entries...
[2020-12-17 02:42:12,080: INFO/MainProcess] Writing entries...
[2020-12-17 02:45:12,583: INFO/MainProcess] Writing entries...
[2020-12-17 02:48:13,075: INFO/MainProcess] Writing entries...
[2020-12-17 02:51:13,523: INFO/MainProcess] Writing entries...
[2020-12-17 02:54:14,032: INFO/MainProcess] Writing entries...
[2020-12-17 02:57:14,535: INFO/MainProcess] Writing entries...
[2020-12-17 03:00:15,037: INFO/MainProcess] Writing entries...
[2020-12-17 03:03:15,535: INFO/MainProcess] Writing entries...
[2020-12-17 03:04:52,403: INFO/MainProcess] beat: Starting...
[2020-12-17 03:04:52,404: INFO/MainProcess] Writing entries...
[2020-12-17 03:04:52,482: INFO/MainProcess] DatabaseScheduler: Schedule changed.
[2020-12-17 03:04:52,482: INFO/MainProcess] Writing entries...
[2020-12-17 03:04:57,523: INFO/MainProcess] Writing entries...
[2020-12-17 03:07:58,007: INFO/MainProcess] Writing entries...
[2020-12-17 03:10:58,487: INFO/MainProcess] Writing entries...
[2020-12-17 03:13:59,004: INFO/MainProcess] Writing entries...
[2020-12-17 03:16:59,487: INFO/MainProcess] Writing entries...
[2020-12-17 03:20:00,014: INFO/MainProcess] Writing entries...
[2020-12-17 03:23:00,512: INFO/MainProcess] Writing entries...
[2020-12-17 03:26:00,991: INFO/MainProcess] Writing entries...
[2020-12-17 03:29:46,346: INFO/MainProcess] beat: Starting...
[2020-12-17 03:29:46,346: INFO/MainProcess] Writing entries...
[2020-12-17 03:29:46,434: INFO/MainProcess] DatabaseScheduler: Schedule changed.
[2020-12-17 03:29:46,435: INFO/MainProcess] Writing entries...
[2020-12-17 03:29:51,479: INFO/MainProcess] Writing entries...
[2020-12-17 03:32:51,984: INFO/MainProcess] Writing entries...
[2020-12-17 03:35:52,480: INFO/MainProcess] Writing entries...
[2020-12-17 03:38:52,969: INFO/MainProcess] Writing entries...
[2020-12-17 03:41:53,460: INFO/MainProcess] Writing entries...
[2020-12-17 03:44:53,984: INFO/MainProcess] Writing entries...
[2020-12-17 03:48:19,294: INFO/MainProcess] beat: Starting...
[2020-12-17 03:48:19,294: INFO/MainProcess] Writing entries...
[2020-12-17 03:48:19,385: INFO/MainProcess] DatabaseScheduler: Schedule changed.
[2020-12-17 03:48:19,385: INFO/MainProcess] Writing entries...
[2020-12-17 03:48:24,430: INFO/MainProcess] Writing entries...
[2020-12-17 03:51:24,937: INFO/MainProcess] Writing entries...
[2020-12-17 03:54:25,431: INFO/MainProcess] Writing entries...
[2020-12-17 03:57:25,912: INFO/MainProcess] Writing entries...
[2020-12-17 04:00:00,015: INFO/MainProcess] Scheduler: Sending due task celery.backend_cleanup (celery.backend_cleanup)
[2020-12-17 04:00:30,121: INFO/MainProcess] Writing entries...
[2020-12-17 04:03:30,670: INFO/MainProcess] Writing entries...
[2020-12-17 04:06:31,198: INFO/MainProcess] Writing entries...
[2020-12-17 04:09:31,729: INFO/MainProcess] Writing entries...
[2020-12-17 04:12:32,219: INFO/MainProcess] Writing entries...
[2020-12-17 04:15:32,743: INFO/MainProcess] Writing entries...
[2020-12-17 04:18:33,251: INFO/MainProcess] Writing entries...
[2020-12-17 04:21:25,518: INFO/MainProcess] beat: Starting...
[2020-12-17 04:21:25,519: INFO/MainProcess] Writing entries...
[2020-12-17 04:21:25,598: INFO/MainProcess] DatabaseScheduler: Schedule changed.
[2020-12-17 04:21:25,598: INFO/MainProcess] Writing entries...
[2020-12-17 04:21:30,643: INFO/MainProcess] Writing entries...
[2020-12-17 04:24:31,137: INFO/MainProcess] Writing entries...
[2020-12-17 04:27:31,657: INFO/MainProcess] Writing entries...
[2020-12-17 04:30:32,148: INFO/MainProcess] Writing entries...
[2020-12-17 04:33:32,676: INFO/MainProcess] Writing entries...
[2020-12-17 04:36:33,183: INFO/MainProcess] Writing entries...
[2020-12-17 04:39:33,679: INFO/MainProcess] Writing entries...
[2020-12-17 04:42:34,184: INFO/MainProcess] Writing entries...
[2020-12-17 04:45:34,682: INFO/MainProcess] Writing entries...
[2020-12-17 04:48:35,178: INFO/MainProcess] Writing entries...
[2020-12-17 04:51:35,665: INFO/MainProcess] Writing entries...
[2020-12-17 04:54:36,172: INFO/MainProcess] Writing entries...
[2020-12-17 04:57:36,682: INFO/MainProcess] Writing entries...
[2020-12-17 05:00:37,172: INFO/MainProcess] Writing entries...
[2020-12-17 05:03:37,668: INFO/MainProcess] Writing entries...
[2020-12-17 05:06:38,100: INFO/MainProcess] Writing entries...
[2020-12-17 05:09:38,553: INFO/MainProcess] Writing entries...
[2020-12-17 05:12:39,011: INFO/MainProcess] Writing entries...
[2020-12-17 05:16:01,888: INFO/MainProcess] beat: Starting...
[2020-12-17 05:16:01,888: INFO/MainProcess] Writing entries...
[2020-12-17 05:16:01,964: INFO/MainProcess] DatabaseScheduler: Schedule changed.
[2020-12-17 05:16:01,964: INFO/MainProcess] Writing entries...
[2020-12-17 05:16:06,999: INFO/MainProcess] Writing entries...
[2020-12-17 05:19:07,446: INFO/MainProcess] Writing entries...
[2020-12-17 05:22:07,888: INFO/MainProcess] Writing entries...
[2020-12-17 05:25:08,398: INFO/MainProcess] Writing entries...
[2020-12-17 05:28:08,882: INFO/MainProcess] Writing entries...
[2020-12-17 05:31:09,377: INFO/MainProcess] Writing entries...
[2020-12-17 05:34:09,897: INFO/MainProcess] Writing entries...
[2020-12-17 05:37:10,436: INFO/MainProcess] Writing entries...
[2020-12-17 05:38:44,333: INFO/MainProcess] beat: Starting...
[2020-12-17 05:38:44,334: INFO/MainProcess] Writing entries...
[2020-12-17 05:38:44,421: INFO/MainProcess] DatabaseScheduler: Schedule changed.
[2020-12-17 05:38:44,422: INFO/MainProcess] Writing entries...
[2020-12-17 05:38:49,467: INFO/MainProcess] Writing entries...
[2020-12-17 05:41:49,936: INFO/MainProcess] Writing entries...
[2020-12-17 05:44:50,416: INFO/MainProcess] Writing entries...
[2020-12-17 05:47:50,923: INFO/MainProcess] Writing entries...
[2020-12-17 05:50:51,383: INFO/MainProcess] Writing entries...
[2020-12-17 05:53:51,857: INFO/MainProcess] Writing entries...
[2020-12-17 05:57:43,911: INFO/MainProcess] beat: Starting...
[2020-12-17 05:57:43,912: INFO/MainProcess] Writing entries...
[2020-12-17 05:57:44,016: INFO/MainProcess] DatabaseScheduler: Schedule changed.
[2020-12-17 05:57:44,017: INFO/MainProcess] Writing entries...
[2020-12-17 05:57:49,063: INFO/MainProcess] Writing entries...
[2020-12-17 06:00:49,531: INFO/MainProcess] Writing entries...
[2020-12-17 06:03:50,007: INFO/MainProcess] Writing entries...
[2020-12-17 06:08:25,515: INFO/MainProcess] beat: Starting...
[2020-12-17 06:08:25,516: INFO/MainProcess] Writing entries...
[2020-12-17 06:08:25,598: INFO/MainProcess] DatabaseScheduler: Schedule changed.
[2020-12-17 06:08:25,598: INFO/MainProcess] Writing entries...
[2020-12-17 06:08:30,635: INFO/MainProcess] Writing entries...
[2020-12-17 06:11:31,091: INFO/MainProcess] Writing entries...
[2020-12-17 06:14:31,554: INFO/MainProcess] Writing entries...
[2020-12-17 06:17:32,032: INFO/MainProcess] Writing entries...
[2020-12-17 06:20:32,490: INFO/MainProcess] Writing entries...
[2020-12-17 06:23:32,968: INFO/MainProcess] Writing entries...
[2020-12-17 06:25:36,983: INFO/MainProcess] beat: Starting...
[2020-12-17 06:25:36,984: INFO/MainProcess] Writing entries...
[2020-12-17 06:25:37,053: INFO/MainProcess] DatabaseScheduler: Schedule changed.
[2020-12-17 06:25:37,054: INFO/MainProcess] Writing entries...
[2020-12-17 06:25:42,091: INFO/MainProcess] Writing entries...
[2020-12-17 06:28:42,585: INFO/MainProcess] Writing entries...
[2020-12-17 06:31:43,125: INFO/MainProcess] Writing entries...
[2020-12-17 06:34:43,574: INFO/MainProcess] Writing entries...
[2020-12-17 06:37:44,036: INFO/MainProcess] Writing entries...
[2020-12-17 06:40:44,515: INFO/MainProcess] Writing entries...
[2020-12-17 06:43:45,024: INFO/MainProcess] Writing entries...
[2020-12-17 06:46:45,523: INFO/MainProcess] Writing entries...
[2020-12-17 06:49:46,014: INFO/MainProcess] Writing entries...
[2020-12-17 06:52:46,520: INFO/MainProcess] Writing entries...
[2020-12-17 06:55:47,010: INFO/MainProcess] Writing entries...
[2020-12-17 06:58:47,503: INFO/MainProcess] Writing entries...
[2020-12-17 07:01:48,045: INFO/MainProcess] Writing entries...
[2020-12-17 07:04:48,563: INFO/MainProcess] Writing entries...
[2020-12-17 07:07:49,063: INFO/MainProcess] Writing entries...
[2020-12-17 07:10:49,535: INFO/MainProcess] Writing entries...
[2020-12-17 07:13:50,009: INFO/MainProcess] Writing entries...
[2020-12-17 07:16:50,452: INFO/MainProcess] Writing entries...
[2020-12-17 07:19:50,923: INFO/MainProcess] Writing entries...
[2020-12-17 07:22:51,419: INFO/MainProcess] Writing entries...
[2020-12-17 07:25:51,928: INFO/MainProcess] Writing entries...
[2020-12-17 07:28:52,461: INFO/MainProcess] Writing entries...
[2020-12-17 07:31:52,955: INFO/MainProcess] Writing entries...
[2020-12-17 07:34:53,400: INFO/MainProcess] Writing entries...
[2020-12-17 07:37:53,879: INFO/MainProcess] Writing entries...
[2020-12-17 07:40:54,295: INFO/MainProcess] Writing entries...
[2020-12-17 07:43:54,749: INFO/MainProcess] Writing entries...
[2020-12-17 07:46:55,195: INFO/MainProcess] Writing entries...
[2020-12-17 07:49:55,644: INFO/MainProcess] Writing entries...
[2020-12-17 07:52:56,118: INFO/MainProcess] Writing entries...
[2020-12-17 07:55:56,525: INFO/MainProcess] Writing entries...
[2020-12-17 07:58:56,957: INFO/MainProcess] Writing entries...
[2020-12-17 08:01:57,384: INFO/MainProcess] Writing entries...
[2020-12-17 08:04:57,860: INFO/MainProcess] Writing entries...
[2020-12-17 08:07:58,299: INFO/MainProcess] Writing entries...
[2020-12-17 08:12:07,302: INFO/MainProcess] beat: Starting...
[2020-12-17 08:12:07,303: INFO/MainProcess] Writing entries...
[2020-12-17 08:12:07,383: INFO/MainProcess] DatabaseScheduler: Schedule changed.
[2020-12-17 08:12:07,383: INFO/MainProcess] Writing entries...
[2020-12-17 08:12:12,423: INFO/MainProcess] Writing entries...
[2020-12-17 08:15:12,897: INFO/MainProcess] Writing entries...
[2020-12-17 08:18:13,383: INFO/MainProcess] Writing entries...
[2020-12-17 08:21:13,827: INFO/MainProcess] Writing entries...
[2020-12-17 08:24:14,279: INFO/MainProcess] Writing entries...
[2020-12-17 08:27:14,730: INFO/MainProcess] Writing entries...
[2020-12-17 08:30:15,193: INFO/MainProcess] Writing entries...
[2020-12-17 08:33:15,675: INFO/MainProcess] Writing entries...
[2020-12-17 08:36:16,128: INFO/MainProcess] Writing entries...
[2020-12-17 08:39:16,604: INFO/MainProcess] Writing entries...
[2020-12-17 08:42:17,151: INFO/MainProcess] Writing entries...
[2020-12-17 08:45:17,669: INFO/MainProcess] Writing entries...
[2020-12-17 08:48:18,191: INFO/MainProcess] Writing entries...
[2020-12-17 08:51:18,689: INFO/MainProcess] Writing entries...
[2020-12-17 08:54:19,182: INFO/MainProcess] Writing entries...
[2020-12-17 08:57:19,714: INFO/MainProcess] Writing entries...
[2020-12-17 09:00:20,237: INFO/MainProcess] Writing entries...
[2020-12-17 09:03:20,725: INFO/MainProcess] Writing entries...
[2020-12-17 09:06:21,260: INFO/MainProcess] Writing entries...
[2020-12-17 09:09:21,731: INFO/MainProcess] Writing entries...
[2020-12-17 09:12:22,224: INFO/MainProcess] Writing entries...
[2020-12-17 09:15:22,689: INFO/MainProcess] Writing entries...
[2020-12-17 09:18:23,139: INFO/MainProcess] Writing entries...
[2020-12-17 09:21:23,647: INFO/MainProcess] Writing entries...
[2020-12-17 09:24:24,127: INFO/MainProcess] Writing entries...
[2020-12-17 09:27:24,615: INFO/MainProcess] Writing entries...
[2020-12-17 09:30:25,072: INFO/MainProcess] Writing entries...
[2020-12-17 09:33:25,556: INFO/MainProcess] Writing entries...
[2020-12-17 09:36:26,044: INFO/MainProcess] Writing entries...
[2020-12-17 09:39:26,503: INFO/MainProcess] Writing entries...
[2020-12-17 09:42:27,052: INFO/MainProcess] Writing entries...
[2020-12-17 09:45:27,555: INFO/MainProcess] Writing entries...
[2020-12-17 09:48:28,051: INFO/MainProcess] Writing entries...
[2020-12-17 09:51:28,552: INFO/MainProcess] Writing entries...
[2020-12-17 09:54:29,012: INFO/MainProcess] Writing entries...
[2020-12-17 09:57:29,466: INFO/MainProcess] Writing entries...
[2020-12-17 10:00:29,936: INFO/MainProcess] Writing entries...
[2020-12-17 10:03:30,403: INFO/MainProcess] Writing entries...
[2020-12-17 10:06:30,862: INFO/MainProcess] Writing entries...
[2020-12-17 10:09:31,287: INFO/MainProcess] Writing entries...
[2020-12-17 10:12:31,722: INFO/MainProcess] Writing entries...
[2020-12-17 10:15:32,207: INFO/MainProcess] Writing entries...
[2020-12-17 10:18:32,649: INFO/MainProcess] Writing entries...
[2020-12-17 10:21:33,103: INFO/MainProcess] Writing entries...
[2020-12-17 10:24:33,571: INFO/MainProcess] Writing entries...
[2020-12-17 10:27:34,003: INFO/MainProcess] Writing entries...
[2020-12-17 10:30:34,476: INFO/MainProcess] Writing entries...
[2020-12-17 10:33:34,943: INFO/MainProcess] Writing entries...
[2020-12-17 10:36:35,392: INFO/MainProcess] Writing entries...
[2020-12-17 10:39:35,836: INFO/MainProcess] Writing entries...
[2020-12-17 10:42:36,275: INFO/MainProcess] Writing entries...
[2020-12-17 10:45:36,727: INFO/MainProcess] Writing entries...
[2020-12-17 10:48:37,176: INFO/MainProcess] Writing entries...
[2020-12-17 10:51:37,629: INFO/MainProcess] Writing entries...
[2020-12-17 10:54:38,062: INFO/MainProcess] Writing entries...
[2020-12-17 10:57:38,556: INFO/MainProcess] Writing entries...
[2020-12-17 11:00:39,030: INFO/MainProcess] Writing entries...
[2020-12-17 11:03:39,453: INFO/MainProcess] Writing entries...
[2020-12-17 11:06:39,901: INFO/MainProcess] Writing entries...
[2020-12-17 11:09:40,339: INFO/MainProcess] Writing entries...
[2020-12-17 11:12:40,823: INFO/MainProcess] Writing entries...
[2020-12-17 11:15:41,321: INFO/MainProcess] Writing entries...
[2020-12-17 11:18:41,833: INFO/MainProcess] Writing entries...
[2020-12-17 11:21:42,282: INFO/MainProcess] Writing entries...
[2020-12-17 11:24:42,732: INFO/MainProcess] Writing entries...
[2020-12-17 11:27:43,178: INFO/MainProcess] Writing entries...
[2020-12-17 11:30:43,619: INFO/MainProcess] Writing entries...
[2020-12-17 11:33:44,093: INFO/MainProcess] Writing entries...
[2020-12-17 11:36:44,517: INFO/MainProcess] Writing entries...
[2020-12-17 11:39:44,993: INFO/MainProcess] Writing entries...
[2020-12-17 11:42:45,451: INFO/MainProcess] Writing entries...
[2020-12-17 11:45:45,879: INFO/MainProcess] Writing entries...
[2020-12-17 11:48:46,347: INFO/MainProcess] Writing entries...
[2020-12-17 11:51:46,797: INFO/MainProcess] Writing entries...
[2020-12-17 11:54:47,260: INFO/MainProcess] Writing entries...
[2020-12-17 11:57:47,691: INFO/MainProcess] Writing entries...
[2020-12-17 12:00:48,115: INFO/MainProcess] Writing entries...
[2020-12-17 12:03:48,555: INFO/MainProcess] Writing entries...
[2020-12-17 12:06:49,021: INFO/MainProcess] Writing entries...
[2020-12-17 12:09:49,442: INFO/MainProcess] Writing entries...
[2020-12-17 12:12:49,863: INFO/MainProcess] Writing entries...
[2020-12-17 12:15:50,308: INFO/MainProcess] Writing entries...
[2020-12-17 12:18:50,741: INFO/MainProcess] Writing entries...
[2020-12-17 12:21:51,181: INFO/MainProcess] Writing entries...
[2020-12-17 12:24:51,609: INFO/MainProcess] Writing entries...
[2020-12-17 12:27:52,102: INFO/MainProcess] Writing entries...
[2020-12-17 12:30:52,601: INFO/MainProcess] Writing entries...
[2020-12-17 12:33:53,025: INFO/MainProcess] Writing entries...
[2020-12-17 12:36:53,471: INFO/MainProcess] Writing entries...
[2020-12-17 12:39:53,936: INFO/MainProcess] Writing entries...
[2020-12-17 12:42:54,377: INFO/MainProcess] Writing entries...
[2020-12-17 12:45:54,818: INFO/MainProcess] Writing entries...
[2020-12-17 12:48:55,265: INFO/MainProcess] Writing entries...
[2020-12-17 12:51:55,715: INFO/MainProcess] Writing entries...
[2020-12-17 12:54:56,174: INFO/MainProcess] Writing entries...
[2020-12-17 12:57:56,612: INFO/MainProcess] Writing entries...
[2020-12-17 13:00:57,054: INFO/MainProcess] Writing entries...
[2020-12-17 13:03:57,458: INFO/MainProcess] Writing entries...
[2020-12-17 13:06:57,911: INFO/MainProcess] Writing entries...
[2020-12-17 13:09:58,342: INFO/MainProcess] Writing entries...
[2020-12-17 13:12:58,819: INFO/MainProcess] Writing entries...
[2020-12-17 13:15:59,319: INFO/MainProcess] Writing entries...
[2020-12-17 13:18:59,725: INFO/MainProcess] Writing entries...
[2020-12-17 13:22:00,171: INFO/MainProcess] Writing entries...
[2020-12-17 13:25:00,615: INFO/MainProcess] Writing entries...
[2020-12-17 13:28:01,114: INFO/MainProcess] Writing entries...
[2020-12-17 13:31:01,580: INFO/MainProcess] Writing entries...
[2020-12-17 13:34:02,113: INFO/MainProcess] Writing entries...
[2020-12-17 13:37:02,565: INFO/MainProcess] Writing entries...
[2020-12-17 13:40:03,021: INFO/MainProcess] Writing entries...
[2020-12-17 13:43:03,473: INFO/MainProcess] Writing entries...
[2020-12-17 13:46:03,915: INFO/MainProcess] Writing entries...
[2020-12-17 13:49:04,347: INFO/MainProcess] Writing entries...
[2020-12-17 13:52:04,802: INFO/MainProcess] Writing entries...
[2020-12-17 13:55:05,255: INFO/MainProcess] Writing entries...
[2020-12-17 13:58:05,708: INFO/MainProcess] Writing entries...
[2020-12-17 14:01:06,149: INFO/MainProcess] Writing entries...
[2020-12-17 14:04:06,631: INFO/MainProcess] Writing entries...
[2020-12-17 14:07:07,074: INFO/MainProcess] Writing entries...
[2020-12-17 14:10:07,495: INFO/MainProcess] Writing entries...
[2020-12-17 14:13:07,890: INFO/MainProcess] Writing entries...
[2020-12-17 14:16:08,309: INFO/MainProcess] Writing entries...
[2020-12-17 14:19:08,764: INFO/MainProcess] Writing entries...
[2020-12-17 14:22:09,223: INFO/MainProcess] Writing entries...
[2020-12-17 14:25:09,707: INFO/MainProcess] Writing entries...
[2020-12-17 14:28:10,172: INFO/MainProcess] Writing entries...
[2020-12-17 14:31:10,616: INFO/MainProcess] Writing entries...
[2020-12-17 14:34:11,096: INFO/MainProcess] Writing entries...
[2020-12-17 14:37:11,535: INFO/MainProcess] Writing entries...
[2020-12-17 14:40:12,035: INFO/MainProcess] Writing entries...
[2020-12-17 14:43:12,480: INFO/MainProcess] Writing entries...
[2020-12-17 14:46:12,933: INFO/MainProcess] Writing entries...
[2020-12-17 14:49:13,364: INFO/MainProcess] Writing entries...
[2020-12-17 14:52:13,815: INFO/MainProcess] Writing entries...
[2020-12-17 14:55:14,280: INFO/MainProcess] Writing entries...
[2020-12-17 14:58:14,755: INFO/MainProcess] Writing entries...
[2020-12-17 15:01:15,180: INFO/MainProcess] Writing entries...
[2020-12-17 15:04:15,628: INFO/MainProcess] Writing entries...
[2020-12-17 15:07:16,056: INFO/MainProcess] Writing entries...
[2020-12-17 15:10:16,503: INFO/MainProcess] Writing entries...
[2020-12-17 15:13:16,965: INFO/MainProcess] Writing entries...
[2020-12-17 15:16:17,400: INFO/MainProcess] Writing entries...
[2020-12-17 15:19:17,853: INFO/MainProcess] Writing entries...
[2020-12-17 15:22:18,257: INFO/MainProcess] Writing entries...
[2020-12-17 15:25:18,707: INFO/MainProcess] Writing entries...
[2020-12-17 15:28:19,167: INFO/MainProcess] Writing entries...
[2020-12-17 15:31:19,628: INFO/MainProcess] Writing entries...
[2020-12-17 15:34:20,061: INFO/MainProcess] Writing entries...
[2020-12-17 15:37:20,533: INFO/MainProcess] Writing entries...
[2020-12-17 15:40:21,013: INFO/MainProcess] Writing entries...
[2020-12-17 15:43:21,512: INFO/MainProcess] Writing entries...
[2020-12-17 15:46:21,938: INFO/MainProcess] Writing entries...
[2020-12-17 15:49:22,389: INFO/MainProcess] Writing entries...
[2020-12-17 15:52:22,865: INFO/MainProcess] Writing entries...
[2020-12-17 15:55:23,338: INFO/MainProcess] Writing entries...
[2020-12-17 15:58:23,840: INFO/MainProcess] Writing entries...
[2020-12-17 16:01:24,274: INFO/MainProcess] Writing entries...
[2020-12-17 16:04:24,755: INFO/MainProcess] Writing entries...
[2020-12-17 16:07:25,270: INFO/MainProcess] Writing entries...
[2020-12-17 16:10:25,713: INFO/MainProcess] Writing entries...
[2020-12-17 16:13:26,153: INFO/MainProcess] Writing entries...
[2020-12-17 16:16:26,619: INFO/MainProcess] Writing entries...
[2020-12-17 16:19:27,083: INFO/MainProcess] Writing entries...
[2020-12-17 16:22:27,522: INFO/MainProcess] Writing entries...
[2020-12-17 16:25:27,991: INFO/MainProcess] Writing entries...
[2020-12-17 16:28:28,460: INFO/MainProcess] Writing entries...
[2020-12-17 16:31:28,902: INFO/MainProcess] Writing entries...
[2020-12-17 16:34:29,341: INFO/MainProcess] Writing entries...
[2020-12-17 16:37:29,783: INFO/MainProcess] Writing entries...
[2020-12-17 16:40:30,194: INFO/MainProcess] Writing entries...
[2020-12-17 16:43:30,662: INFO/MainProcess] Writing entries...
[2020-12-17 16:46:31,096: INFO/MainProcess] Writing entries...
[2020-12-17 16:49:31,540: INFO/MainProcess] Writing entries...
[2020-12-17 16:52:32,027: INFO/MainProcess] Writing entries...
[2020-12-17 16:55:32,471: INFO/MainProcess] Writing entries...
[2020-12-17 16:58:32,895: INFO/MainProcess] Writing entries...
[2020-12-17 17:01:33,335: INFO/MainProcess] Writing entries...
[2020-12-17 17:04:33,841: INFO/MainProcess] Writing entries...
[2020-12-17 17:07:34,294: INFO/MainProcess] Writing entries...
[2020-12-17 17:10:34,799: INFO/MainProcess] Writing entries...
[2020-12-17 17:13:35,239: INFO/MainProcess] Writing entries...
[2020-12-17 17:16:35,686: INFO/MainProcess] Writing entries...
[2020-12-17 17:19:36,148: INFO/MainProcess] Writing entries...
[2020-12-17 17:22:36,622: INFO/MainProcess] Writing entries...
[2020-12-17 17:25:37,091: INFO/MainProcess] Writing entries...
[2020-12-17 17:28:37,519: INFO/MainProcess] Writing entries...
[2020-12-17 17:31:37,957: INFO/MainProcess] Writing entries...
[2020-12-17 17:34:38,376: INFO/MainProcess] Writing entries...
[2020-12-17 17:37:38,869: INFO/MainProcess] Writing entries...
[2020-12-17 17:40:39,302: INFO/MainProcess] Writing entries...
[2020-12-17 17:43:39,707: INFO/MainProcess] Writing entries...
[2020-12-17 17:46:40,167: INFO/MainProcess] Writing entries...
[2020-12-17 17:49:40,611: INFO/MainProcess] Writing entries...
[2020-12-17 17:52:41,049: INFO/MainProcess] Writing entries...
[2020-12-17 17:55:41,561: INFO/MainProcess] Writing entries...
[2020-12-17 17:58:42,029: INFO/MainProcess] Writing entries...
[2020-12-17 18:01:42,490: INFO/MainProcess] Writing entries...
[2020-12-17 18:04:42,981: INFO/MainProcess] Writing entries...
[2020-12-17 18:07:43,413: INFO/MainProcess] Writing entries...
[2020-12-17 18:10:43,874: INFO/MainProcess] Writing entries...
[2020-12-17 18:13:44,304: INFO/MainProcess] Writing entries...
[2020-12-17 18:16:44,757: INFO/MainProcess] Writing entries...
[2020-12-17 18:19:45,252: INFO/MainProcess] Writing entries...
[2020-12-17 18:22:45,691: INFO/MainProcess] Writing entries...
[2020-12-17 18:25:46,155: INFO/MainProcess] Writing entries...
[2020-12-17 18:28:46,613: INFO/MainProcess] Writing entries...
[2020-12-17 18:31:47,063: INFO/MainProcess] Writing entries...
[2020-12-17 18:34:47,542: INFO/MainProcess] Writing entries...
[2020-12-17 18:37:47,999: INFO/MainProcess] Writing entries...
[2020-12-17 18:40:48,428: INFO/MainProcess] Writing entries...
[2020-12-17 18:43:48,898: INFO/MainProcess] Writing entries...
[2020-12-17 18:46:49,342: INFO/MainProcess] Writing entries...
[2020-12-17 18:49:49,827: INFO/MainProcess] Writing entries...
[2020-12-17 18:52:50,277: INFO/MainProcess] Writing entries...
[2020-12-17 18:55:50,912: INFO/MainProcess] Writing entries...
[2020-12-17 18:58:51,334: INFO/MainProcess] Writing entries...
[2020-12-17 19:01:51,788: INFO/MainProcess] Writing entries...
[2020-12-17 19:04:52,239: INFO/MainProcess] Writing entries...
[2020-12-17 19:07:52,738: INFO/MainProcess] Writing entries...
[2020-12-17 19:10:53,178: INFO/MainProcess] Writing entries...
[2020-12-17 19:13:53,647: INFO/MainProcess] Writing entries...
[2020-12-17 19:16:54,115: INFO/MainProcess] Writing entries...
[2020-12-17 19:19:54,519: INFO/MainProcess] Writing entries...
[2020-12-17 19:22:54,951: INFO/MainProcess] Writing entries...
[2020-12-17 19:25:55,416: INFO/MainProcess] Writing entries...
[2020-12-17 19:28:55,867: INFO/MainProcess] Writing entries...
[2020-12-17 19:31:56,340: INFO/MainProcess] Writing entries...
[2020-12-17 19:34:56,763: INFO/MainProcess] Writing entries...
[2020-12-17 19:37:57,189: INFO/MainProcess] Writing entries...
[2020-12-17 19:40:57,644: INFO/MainProcess] Writing entries...
[2020-12-17 19:43:58,092: INFO/MainProcess] Writing entries...
[2020-12-17 19:46:58,547: INFO/MainProcess] Writing entries...
[2020-12-17 19:49:58,983: INFO/MainProcess] Writing entries...
[2020-12-17 19:52:59,399: INFO/MainProcess] Writing entries...
[2020-12-17 19:55:59,850: INFO/MainProcess] Writing entries...
[2020-12-17 19:59:00,336: INFO/MainProcess] Writing entries...
[2020-12-17 20:02:00,757: INFO/MainProcess] Writing entries...
[2020-12-17 20:05:01,218: INFO/MainProcess] Writing entries...
[2020-12-17 20:08:01,644: INFO/MainProcess] Writing entries...
[2020-12-17 20:11:02,067: INFO/MainProcess] Writing entries...
[2020-12-17 20:14:02,511: INFO/MainProcess] Writing entries...
[2020-12-17 20:17:02,980: INFO/MainProcess] Writing entries...
[2020-12-17 20:20:03,458: INFO/MainProcess] Writing entries...
[2020-12-17 20:23:03,908: INFO/MainProcess] Writing entries...
[2020-12-17 20:26:04,328: INFO/MainProcess] Writing entries...
[2020-12-17 20:29:04,767: INFO/MainProcess] Writing entries...
[2020-12-17 20:32:05,202: INFO/MainProcess] Writing entries...
[2020-12-17 20:35:05,639: INFO/MainProcess] Writing entries...
[2020-12-17 20:38:06,071: INFO/MainProcess] Writing entries...
[2020-12-17 20:41:06,524: INFO/MainProcess] Writing entries...
[2020-12-17 20:44:06,971: INFO/MainProcess] Writing entries...
[2020-12-17 20:47:07,428: INFO/MainProcess] Writing entries...
[2020-12-17 20:50:07,881: INFO/MainProcess] Writing entries...
[2020-12-17 20:53:08,324: INFO/MainProcess] Writing entries...
[2020-12-17 20:56:08,796: INFO/MainProcess] Writing entries...
[2020-12-17 20:59:09,225: INFO/MainProcess] Writing entries...
[2020-12-17 21:02:09,619: INFO/MainProcess] Writing entries...
[2020-12-17 21:05:10,035: INFO/MainProcess] Writing entries...
[2020-12-17 21:08:10,477: INFO/MainProcess] Writing entries...
[2020-12-17 21:11:10,910: INFO/MainProcess] Writing entries...
[2020-12-17 21:14:11,355: INFO/MainProcess] Writing entries...
[2020-12-17 21:17:11,791: INFO/MainProcess] Writing entries...
[2020-12-17 21:20:12,207: INFO/MainProcess] Writing entries...
[2020-12-17 21:23:12,680: INFO/MainProcess] Writing entries...
[2020-12-17 21:26:13,184: INFO/MainProcess] Writing entries...
[2020-12-17 21:29:13,661: INFO/MainProcess] Writing entries...
[2020-12-17 21:32:14,075: INFO/MainProcess] Writing entries...
[2020-12-17 21:35:14,495: INFO/MainProcess] Writing entries...
[2020-12-17 21:38:14,951: INFO/MainProcess] Writing entries...
[2020-12-17 21:41:15,404: INFO/MainProcess] Writing entries...
[2020-12-17 21:44:15,874: INFO/MainProcess] Writing entries...
[2020-12-17 21:47:16,319: INFO/MainProcess] Writing entries...
[2020-12-17 21:50:16,786: INFO/MainProcess] Writing entries...
[2020-12-17 21:53:17,207: INFO/MainProcess] Writing entries...
[2020-12-17 21:56:17,630: INFO/MainProcess] Writing entries...
[2020-12-17 21:59:18,058: INFO/MainProcess] Writing entries...
[2020-12-17 22:02:18,519: INFO/MainProcess] Writing entries...
[2020-12-17 22:05:18,952: INFO/MainProcess] Writing entries...
[2020-12-17 22:08:19,358: INFO/MainProcess] Writing entries...
[2020-12-17 22:11:19,778: INFO/MainProcess] Writing entries...
[2020-12-17 22:14:20,190: INFO/MainProcess] Writing entries...
[2020-12-17 22:17:20,614: INFO/MainProcess] Writing entries...
[2020-12-17 22:20:21,036: INFO/MainProcess] Writing entries...
[2020-12-17 22:23:21,464: INFO/MainProcess] Writing entries...
[2020-12-17 22:26:21,900: INFO/MainProcess] Writing entries...
[2020-12-17 22:29:22,333: INFO/MainProcess] Writing entries...
[2020-12-17 22:32:22,757: INFO/MainProcess] Writing entries...
[2020-12-17 22:35:23,222: INFO/MainProcess] Writing entries...
[2020-12-17 22:38:23,691: INFO/MainProcess] Writing entries...
[2020-12-17 22:41:24,142: INFO/MainProcess] Writing entries...
[2020-12-17 22:44:24,621: INFO/MainProcess] Writing entries...
[2020-12-17 22:47:25,075: INFO/MainProcess] Writing entries...
[2020-12-17 22:50:25,515: INFO/MainProcess] Writing entries...
[2020-12-17 22:53:25,926: INFO/MainProcess] Writing entries...
[2020-12-17 22:56:26,379: INFO/MainProcess] Writing entries...
[2020-12-17 22:59:26,831: INFO/MainProcess] Writing entries...
[2020-12-17 23:02:27,269: INFO/MainProcess] Writing entries...
[2020-12-17 23:05:27,693: INFO/MainProcess] Writing entries...
[2020-12-17 23:08:28,117: INFO/MainProcess] Writing entries...
[2020-12-17 23:11:28,556: INFO/MainProcess] Writing entries...
[2020-12-17 23:14:29,012: INFO/MainProcess] Writing entries...
[2020-12-17 23:17:29,426: INFO/MainProcess] Writing entries...
[2020-12-17 23:20:29,848: INFO/MainProcess] Writing entries...
[2020-12-17 23:23:30,247: INFO/MainProcess] Writing entries...
[2020-12-17 23:26:30,679: INFO/MainProcess] Writing entries...
[2020-12-17 23:29:31,129: INFO/MainProcess] Writing entries...
[2020-12-17 23:32:31,569: INFO/MainProcess] Writing entries...
[2020-12-17 23:35:32,060: INFO/MainProcess] Writing entries...
[2020-12-17 23:38:32,495: INFO/MainProcess] Writing entries...
[2020-12-17 23:41:32,931: INFO/MainProcess] Writing entries...
[2020-12-17 23:44:33,410: INFO/MainProcess] Writing entries...
[2020-12-17 23:47:33,857: INFO/MainProcess] Writing entries...
[2020-12-17 23:50:34,285: INFO/MainProcess] Writing entries...
[2020-12-17 23:53:34,719: INFO/MainProcess] Writing entries...
[2020-12-17 23:56:35,150: INFO/MainProcess] Writing entries...
[2020-12-17 23:59:35,598: INFO/MainProcess] Writing entries...
[2020-12-18 00:00:00,013: INFO/MainProcess] Scheduler: Sending due task send-hooks-failures-reports (kobo.apps.hook.tasks.failures_reports)
[2020-12-18 00:02:40,438: INFO/MainProcess] Writing entries...
[2020-12-18 00:05:40,878: INFO/MainProcess] Writing entries...
[2020-12-18 00:08:41,352: INFO/MainProcess] Writing entries...
[2020-12-18 00:11:41,832: INFO/MainProcess] Writing entries...
[2020-12-18 00:14:42,260: INFO/MainProcess] Writing entries...
[2020-12-18 00:17:42,683: INFO/MainProcess] Writing entries...
[2020-12-18 00:20:43,110: INFO/MainProcess] Writing entries...
[2020-12-18 00:23:43,562: INFO/MainProcess] Writing entries...
[2020-12-18 00:26:44,010: INFO/MainProcess] Writing entries...
[2020-12-18 00:29:44,490: INFO/MainProcess] Writing entries...
[2020-12-18 00:32:44,945: INFO/MainProcess] Writing entries...
[2020-12-18 00:35:45,431: INFO/MainProcess] Writing entries...
[2020-12-18 00:38:45,878: INFO/MainProcess] Writing entries...
[2020-12-18 00:41:46,351: INFO/MainProcess] Writing entries...
[2020-12-18 00:44:46,839: INFO/MainProcess] Writing entries...
[2020-12-18 00:47:47,272: INFO/MainProcess] Writing entries...
[2020-12-18 00:50:47,745: INFO/MainProcess] Writing entries...
[2020-12-18 00:53:48,193: INFO/MainProcess] Writing entries...
[2020-12-18 00:56:48,659: INFO/MainProcess] Writing entries...
[2020-12-18 00:59:49,111: INFO/MainProcess] Writing entries...
[2020-12-18 01:02:49,535: INFO/MainProcess] Writing entries...
[2020-12-18 01:05:49,994: INFO/MainProcess] Writing entries...
[2020-12-18 01:08:50,429: INFO/MainProcess] Writing entries...
[2020-12-18 01:11:50,853: INFO/MainProcess] Writing entries...
[2020-12-18 01:14:51,311: INFO/MainProcess] Writing entries...
[2020-12-18 01:17:51,751: INFO/MainProcess] Writing entries...
[2020-12-18 01:20:52,185: INFO/MainProcess] Writing entries...
[2020-12-18 01:23:52,612: INFO/MainProcess] Writing entries...
[2020-12-18 01:26:53,061: INFO/MainProcess] Writing entries...
[2020-12-18 01:29:53,537: INFO/MainProcess] Writing entries...
[2020-12-18 01:32:54,029: INFO/MainProcess] Writing entries...
[2020-12-18 01:35:54,466: INFO/MainProcess] Writing entries...
[2020-12-18 01:38:54,883: INFO/MainProcess] Writing entries...
[2020-12-18 01:41:55,315: INFO/MainProcess] Writing entries...
[2020-12-18 01:44:55,739: INFO/MainProcess] Writing entries...
[2020-12-18 01:47:56,183: INFO/MainProcess] Writing entries...
[2020-12-18 01:50:56,622: INFO/MainProcess] Writing entries...
[2020-12-18 01:53:57,015: INFO/MainProcess] Writing entries...
[2020-12-18 01:56:57,483: INFO/MainProcess] Writing entries...
[2020-12-18 01:59:57,919: INFO/MainProcess] Writing entries...
[2020-12-18 02:02:58,345: INFO/MainProcess] Writing entries...
[2020-12-18 02:05:58,757: INFO/MainProcess] Writing entries...
[2020-12-18 02:08:59,162: INFO/MainProcess] Writing entries...
[2020-12-18 02:11:59,583: INFO/MainProcess] Writing entries...
[2020-12-18 02:15:00,059: INFO/MainProcess] Writing entries...
[2020-12-18 02:18:00,487: INFO/MainProcess] Writing entries...
[2020-12-18 02:21:00,958: INFO/MainProcess] Writing entries...
[2020-12-18 02:24:01,396: INFO/MainProcess] Writing entries...
[2020-12-18 02:27:01,847: INFO/MainProcess] Writing entries...
[2020-12-18 02:30:02,302: INFO/MainProcess] Writing entries...
[2020-12-18 02:33:02,729: INFO/MainProcess] Writing entries...
[2020-12-18 02:36:03,177: INFO/MainProcess] Writing entries...
[2020-12-18 02:39:03,606: INFO/MainProcess] Writing entries...
[2020-12-18 02:42:04,057: INFO/MainProcess] Writing entries...
[2020-12-18 02:45:04,485: INFO/MainProcess] Writing entries...
[2020-12-18 02:48:04,934: INFO/MainProcess] Writing entries...
[2020-12-18 02:51:05,354: INFO/MainProcess] Writing entries...
[2020-12-18 02:54:05,768: INFO/MainProcess] Writing entries...
[2020-12-18 02:57:06,177: INFO/MainProcess] Writing entries...
[2020-12-18 03:00:06,593: INFO/MainProcess] Writing entries...
[2020-12-18 03:03:07,023: INFO/MainProcess] Writing entries...
[2020-12-18 03:06:07,471: INFO/MainProcess] Writing entries...
[2020-12-18 03:09:07,926: INFO/MainProcess] Writing entries...
[2020-12-18 03:12:08,364: INFO/MainProcess] Writing entries...
[2020-12-18 03:15:08,785: INFO/MainProcess] Writing entries...
[2020-12-18 03:18:09,235: INFO/MainProcess] Writing entries...
[2020-12-18 03:21:09,683: INFO/MainProcess] Writing entries...
[2020-12-18 03:24:10,140: INFO/MainProcess] Writing entries...
[2020-12-18 03:27:10,559: INFO/MainProcess] Writing entries...
[2020-12-18 03:30:10,949: INFO/MainProcess] Writing entries...
[2020-12-18 03:33:11,373: INFO/MainProcess] Writing entries...
[2020-12-18 03:36:11,831: INFO/MainProcess] Writing entries...
[2020-12-18 03:39:12,288: INFO/MainProcess] Writing entries...
[2020-12-18 03:42:12,727: INFO/MainProcess] Writing entries...
[2020-12-18 03:45:13,117: INFO/MainProcess] Writing entries...
[2020-12-18 03:48:13,525: INFO/MainProcess] Writing entries...
[2020-12-18 03:51:13,983: INFO/MainProcess] Writing entries...
[2020-12-18 03:54:14,423: INFO/MainProcess] Writing entries...
[2020-12-18 03:57:14,855: INFO/MainProcess] Writing entries...
[2020-12-18 04:00:00,003: INFO/MainProcess] Scheduler: Sending due task celery.backend_cleanup (celery.backend_cleanup)
[2020-12-18 04:00:15,039: INFO/MainProcess] Writing entries...
[2020-12-18 04:03:15,506: INFO/MainProcess] Writing entries...
[2020-12-18 04:06:15,927: INFO/MainProcess] Writing entries...
[2020-12-18 04:09:16,352: INFO/MainProcess] Writing entries...
[2020-12-18 04:12:16,803: INFO/MainProcess] Writing entries...
[2020-12-18 04:15:17,250: INFO/MainProcess] Writing entries...
[2020-12-18 04:18:17,700: INFO/MainProcess] Writing entries...
[2020-12-18 04:21:18,133: INFO/MainProcess] Writing entries...
[2020-12-18 04:24:18,571: INFO/MainProcess] Writing entries...
[2020-12-18 04:27:19,016: INFO/MainProcess] Writing entries...
[2020-12-18 04:30:19,416: INFO/MainProcess] Writing entries...
[2020-12-18 04:33:19,867: INFO/MainProcess] Writing entries...
[2020-12-18 04:36:20,307: INFO/MainProcess] Writing entries...
[2020-12-18 04:39:20,747: INFO/MainProcess] Writing entries...
[2020-12-18 04:42:21,194: INFO/MainProcess] Writing entries...
[2020-12-18 04:45:21,683: INFO/MainProcess] Writing entries...
[2020-12-18 04:48:22,085: INFO/MainProcess] Writing entries...
[2020-12-18 04:51:22,529: INFO/MainProcess] Writing entries...
[2020-12-18 04:54:22,951: INFO/MainProcess] Writing entries...
[2020-12-18 04:57:23,355: INFO/MainProcess] Writing entries...
[2020-12-18 05:00:23,780: INFO/MainProcess] Writing entries...
[2020-12-18 05:03:24,192: INFO/MainProcess] Writing entries...
[2020-12-18 05:06:24,619: INFO/MainProcess] Writing entries...
[2020-12-18 05:09:25,061: INFO/MainProcess] Writing entries...
[2020-12-18 05:12:25,484: INFO/MainProcess] Writing entries...
[2020-12-18 05:15:25,923: INFO/MainProcess] Writing entries...
[2020-12-18 05:18:26,353: INFO/MainProcess] Writing entries...
[2020-12-18 05:21:26,766: INFO/MainProcess] Writing entries...
[2020-12-18 05:24:27,201: INFO/MainProcess] Writing entries...
[2020-12-18 05:27:27,646: INFO/MainProcess] Writing entries...
[2020-12-18 05:30:28,079: INFO/MainProcess] Writing entries...
[2020-12-18 05:33:28,511: INFO/MainProcess] Writing entries...
[2020-12-18 05:36:28,934: INFO/MainProcess] Writing entries...
[2020-12-18 05:39:29,382: INFO/MainProcess] Writing entries...
[2020-12-18 05:42:29,777: INFO/MainProcess] Writing entries...
[2020-12-18 05:45:30,222: INFO/MainProcess] Writing entries...
[2020-12-18 05:48:30,624: INFO/MainProcess] Writing entries...
[2020-12-18 05:51:31,037: INFO/MainProcess] Writing entries...
[2020-12-18 05:54:31,483: INFO/MainProcess] Writing entries...
[2020-12-18 05:57:31,909: INFO/MainProcess] Writing entries...
[2020-12-18 06:00:32,313: INFO/MainProcess] Writing entries...
[2020-12-18 06:03:32,750: INFO/MainProcess] Writing entries...
[2020-12-18 06:06:33,139: INFO/MainProcess] Writing entries...
[2020-12-18 06:09:33,519: INFO/MainProcess] Writing entries...
[2020-12-18 06:12:33,920: INFO/MainProcess] Writing entries...
[2020-12-18 06:15:34,351: INFO/MainProcess] Writing entries...
[2020-12-18 06:18:34,827: INFO/MainProcess] Writing entries...
[2020-12-18 06:21:35,252: INFO/MainProcess] Writing entries...
[2020-12-18 06:24:35,681: INFO/MainProcess] Writing entries...
[2020-12-18 06:27:36,114: INFO/MainProcess] Writing entries...
[2020-12-18 06:30:36,518: INFO/MainProcess] Writing entries...
[2020-12-18 06:33:36,967: INFO/MainProcess] Writing entries...
[2020-12-18 06:36:37,379: INFO/MainProcess] Writing entries...
[2020-12-18 06:39:37,790: INFO/MainProcess] Writing entries...
[2020-12-18 06:42:38,219: INFO/MainProcess] Writing entries...
[2020-12-18 06:45:38,623: INFO/MainProcess] Writing entries...
[2020-12-18 06:48:39,047: INFO/MainProcess] Writing entries...
[2020-12-18 06:51:39,454: INFO/MainProcess] Writing entries...
[2020-12-18 06:54:39,883: INFO/MainProcess] Writing entries...
[2020-12-18 06:57:40,278: INFO/MainProcess] Writing entries...
[2020-12-18 07:00:40,718: INFO/MainProcess] Writing entries...
[2020-12-18 07:03:41,143: INFO/MainProcess] Writing entries...
[2020-12-18 07:06:41,559: INFO/MainProcess] Writing entries...
[2020-12-18 07:09:41,964: INFO/MainProcess] Writing entries...
[2020-12-18 07:12:42,384: INFO/MainProcess] Writing entries...
[2020-12-18 07:15:42,828: INFO/MainProcess] Writing entries...
[2020-12-18 07:18:43,272: INFO/MainProcess] Writing entries...
[2020-12-18 07:21:43,694: INFO/MainProcess] Writing entries...
[2020-12-18 07:24:44,114: INFO/MainProcess] Writing entries...
[2020-12-18 07:27:44,545: INFO/MainProcess] Writing entries...
[2020-12-18 07:30:45,014: INFO/MainProcess] Writing entries...
[2020-12-18 07:33:45,468: INFO/MainProcess] Writing entries...
[2020-12-18 07:36:45,904: INFO/MainProcess] Writing entries...
[2020-12-18 07:39:46,320: INFO/MainProcess] Writing entries...
[2020-12-18 07:42:46,763: INFO/MainProcess] Writing entries...
[2020-12-18 07:45:47,234: INFO/MainProcess] Writing entries...
[2020-12-18 07:48:47,665: INFO/MainProcess] Writing entries...
[2020-12-18 07:51:48,089: INFO/MainProcess] Writing entries...
[2020-12-18 07:54:48,500: INFO/MainProcess] Writing entries...
[2020-12-18 07:57:48,920: INFO/MainProcess] Writing entries...
[2020-12-18 07:59:17,588: INFO/MainProcess] beat: Starting...
[2020-12-18 07:59:17,588: INFO/MainProcess] Writing entries...
[2020-12-18 07:59:17,654: INFO/MainProcess] DatabaseScheduler: Schedule changed.
[2020-12-18 07:59:17,654: INFO/MainProcess] Writing entries...
[2020-12-18 07:59:22,687: INFO/MainProcess] Writing entries...
[2020-12-18 08:02:23,091: INFO/MainProcess] Writing entries...
[2020-12-18 08:05:23,513: INFO/MainProcess] Writing entries...
[2020-12-18 08:08:23,918: INFO/MainProcess] Writing entries...
[2020-12-18 08:11:24,355: INFO/MainProcess] Writing entries...
[2020-12-18 08:14:24,795: INFO/MainProcess] Writing entries...
[2020-12-18 08:17:25,233: INFO/MainProcess] Writing entries...
[2020-12-18 08:20:25,659: INFO/MainProcess] Writing entries...
[2020-12-18 08:23:26,094: INFO/MainProcess] Writing entries...
[2020-12-18 08:26:26,534: INFO/MainProcess] Writing entries...
[2020-12-18 08:29:26,970: INFO/MainProcess] Writing entries...
[2020-12-18 08:32:27,418: INFO/MainProcess] Writing entries...
[2020-12-18 08:35:27,874: INFO/MainProcess] Writing entries...
[2020-12-18 08:38:28,307: INFO/MainProcess] Writing entries...
[2020-12-18 08:41:28,748: INFO/MainProcess] Writing entries...
[2020-12-18 08:44:29,162: INFO/MainProcess] Writing entries...
[2020-12-18 08:47:29,637: INFO/MainProcess] Writing entries...
[2020-12-18 08:50:30,104: INFO/MainProcess] Writing entries...
[2020-12-18 08:53:30,537: INFO/MainProcess] Writing entries...
[2020-12-18 08:56:30,970: INFO/MainProcess] Writing entries...
[2020-12-18 08:59:31,420: INFO/MainProcess] Writing entries...
[2020-12-18 09:02:31,865: INFO/MainProcess] Writing entries...
[2020-12-18 09:05:32,296: INFO/MainProcess] Writing entries...
[2020-12-18 09:08:32,702: INFO/MainProcess] Writing entries...
[2020-12-18 09:11:33,127: INFO/MainProcess] Writing entries...
[2020-12-18 09:14:33,581: INFO/MainProcess] Writing entries...
[2020-12-18 09:17:34,011: INFO/MainProcess] Writing entries...
[2020-12-18 09:20:34,402: INFO/MainProcess] Writing entries...
[2020-12-18 09:23:34,795: INFO/MainProcess] Writing entries...
[2020-12-18 09:26:35,234: INFO/MainProcess] Writing entries...
[2020-12-18 09:29:35,702: INFO/MainProcess] Writing entries...
[2020-12-18 09:32:36,140: INFO/MainProcess] Writing entries...
[2020-12-18 09:35:36,541: INFO/MainProcess] Writing entries...
[2020-12-18 09:38:36,996: INFO/MainProcess] Writing entries...
[2020-12-18 09:41:37,387: INFO/MainProcess] Writing entries...
[2020-12-18 09:44:37,806: INFO/MainProcess] Writing entries...
[2020-12-18 09:47:38,229: INFO/MainProcess] Writing entries...
