                _._                                                  
           _.-``__ ''-._                                             
      _.-``    `.  `_.  ''-._           Redis 3.2.12 (00000000/0) 64 bit
  .-`` .-```.  ```\/    _.,_ ''-._                                   
 (    '      ,       .-`  | `,    )     Running in standalone mode
 |`-._`-...-` __...-.``-._|'` _.-'|     Port: 6379
 |    `-._   `._    /     _.-'    |     PID: 1
  `-._    `-._  `-./  _.-'    _.-'                                   
 |`-._`-._    `-.__.-'    _.-'_.-'|                                  
 |    `-._`-._        _.-'_.-'    |           http://redis.io        
  `-._    `-._`-.__.-'_.-'    _.-'                                   
 |`-._`-._    `-.__.-'    _.-'_.-'|                                  
 |    `-._`-._        _.-'_.-'    |                                  
  `-._    `-._`-.__.-'_.-'    _.-'                                   
      `-._    `-.__.-'    _.-'                                       
          `-._        _.-'                                           
              `-.__.-'                                               

1:M 15 Dec 07:20:35.724 # Server started, Redis version 3.2.12
1:M 15 Dec 07:20:35.724 # WARNING you have Transparent Huge Pages (THP) support enabled in your kernel. This will create latency and memory usage issues with Redis. To fix this issue run the command 'echo never > /sys/kernel/mm/transparent_hugepage/enabled' as root, and add it to your /etc/rc.local in order to retain the setting after a reboot. Redis must be restarted after THP is disabled.
1:M 15 Dec 07:20:35.724 * The server is now ready to accept connections on port 6379
1:signal-handler (1608016910) Received SIGTERM scheduling shutdown...
1:M 15 Dec 07:21:50.398 # User requested shutdown...
1:M 15 Dec 07:21:50.398 * Saving the final RDB snapshot before exiting.
1:M 15 Dec 07:21:50.403 * DB saved on disk
1:M 15 Dec 07:21:50.403 * Removing the pid file.
1:M 15 Dec 07:21:50.403 # Redis is now ready to exit, bye bye...
                _._                                                  
           _.-``__ ''-._                                             
      _.-``    `.  `_.  ''-._           Redis 3.2.12 (00000000/0) 64 bit
  .-`` .-```.  ```\/    _.,_ ''-._                                   
 (    '      ,       .-`  | `,    )     Running in standalone mode
 |`-._`-...-` __...-.``-._|'` _.-'|     Port: 6379
 |    `-._   `._    /     _.-'    |     PID: 1
  `-._    `-._  `-./  _.-'    _.-'                                   
 |`-._`-._    `-.__.-'    _.-'_.-'|                                  
 |    `-._`-._        _.-'_.-'    |           http://redis.io        
  `-._    `-._`-.__.-'_.-'    _.-'                                   
 |`-._`-._    `-.__.-'    _.-'_.-'|                                  
 |    `-._`-._        _.-'_.-'    |                                  
  `-._    `-._`-.__.-'_.-'    _.-'                                   
      `-._    `-.__.-'    _.-'                                       
          `-._        _.-'                                           
              `-.__.-'                                               

1:M 15 Dec 07:21:58.053 # Server started, Redis version 3.2.12
1:M 15 Dec 07:21:58.053 # WARNING you have Transparent Huge Pages (THP) support enabled in your kernel. This will create latency and memory usage issues with Redis. To fix this issue run the command 'echo never > /sys/kernel/mm/transparent_hugepage/enabled' as root, and add it to your /etc/rc.local in order to retain the setting after a reboot. Redis must be restarted after THP is disabled.
1:M 15 Dec 07:21:58.053 * DB loaded from disk: 0.000 seconds
1:M 15 Dec 07:21:58.053 * The server is now ready to accept connections on port 6379
1:M 15 Dec 07:26:59.083 * 1 changes in 300 seconds. Saving...
1:M 15 Dec 07:26:59.084 * Background saving started by pid 229
229:C 15 Dec 07:26:59.088 * DB saved on disk
229:C 15 Dec 07:26:59.088 * RDB: 6 MB of memory used by copy-on-write
1:M 15 Dec 07:26:59.184 # Warning, detected child with unmatched pid: 220
1:M 15 Dec 07:26:59.284 * Background saving terminated with success
1:signal-handler (1608017496) Received SIGTERM scheduling shutdown...
1:M 15 Dec 07:31:36.968 # User requested shutdown...
1:M 15 Dec 07:31:36.968 * Saving the final RDB snapshot before exiting.
1:M 15 Dec 07:31:36.972 * DB saved on disk
1:M 15 Dec 07:31:36.972 * Removing the pid file.
1:M 15 Dec 07:31:36.972 # Redis is now ready to exit, bye bye...
                _._                                                  
           _.-``__ ''-._                                             
      _.-``    `.  `_.  ''-._           Redis 3.2.12 (00000000/0) 64 bit
  .-`` .-```.  ```\/    _.,_ ''-._                                   
 (    '      ,       .-`  | `,    )     Running in standalone mode
 |`-._`-...-` __...-.``-._|'` _.-'|     Port: 6379
 |    `-._   `._    /     _.-'    |     PID: 1
  `-._    `-._  `-./  _.-'    _.-'                                   
 |`-._`-._    `-.__.-'    _.-'_.-'|                                  
 |    `-._`-._        _.-'_.-'    |           http://redis.io        
  `-._    `-._`-.__.-'_.-'    _.-'                                   
 |`-._`-._    `-.__.-'    _.-'_.-'|                                  
 |    `-._`-._        _.-'_.-'    |                                  
  `-._    `-._`-.__.-'_.-'    _.-'                                   
      `-._    `-.__.-'    _.-'                                       
          `-._        _.-'                                           
              `-.__.-'                                               

1:M 15 Dec 07:32:52.481 # Server started, Redis version 3.2.12
1:M 15 Dec 07:32:52.481 # WARNING you have Transparent Huge Pages (THP) support enabled in your kernel. This will create latency and memory usage issues with Redis. To fix this issue run the command 'echo never > /sys/kernel/mm/transparent_hugepage/enabled' as root, and add it to your /etc/rc.local in order to retain the setting after a reboot. Redis must be restarted after THP is disabled.
1:M 15 Dec 07:32:52.482 * DB loaded from disk: 0.000 seconds
1:M 15 Dec 07:32:52.482 * The server is now ready to accept connections on port 6379
1:M 15 Dec 07:37:53.004 * 1 changes in 300 seconds. Saving...
1:M 15 Dec 07:37:53.005 * Background saving started by pid 229
229:C 15 Dec 07:37:53.009 * DB saved on disk
229:C 15 Dec 07:37:53.010 * RDB: 8 MB of memory used by copy-on-write
1:M 15 Dec 07:37:53.105 # Warning, detected child with unmatched pid: 220
1:M 15 Dec 07:37:53.205 * Background saving terminated with success
1:M 15 Dec 07:42:54.056 * 1 changes in 300 seconds. Saving...
1:M 15 Dec 07:42:54.058 * Background saving started by pid 230
230:C 15 Dec 07:42:54.064 * DB saved on disk
230:C 15 Dec 07:42:54.064 * RDB: 8 MB of memory used by copy-on-write
1:M 15 Dec 07:42:54.159 * Background saving terminated with success
1:M 15 Dec 07:47:55.011 * 1 changes in 300 seconds. Saving...
1:M 15 Dec 07:47:55.012 * Background saving started by pid 231
231:C 15 Dec 07:47:55.017 * DB saved on disk
231:C 15 Dec 07:47:55.018 * RDB: 8 MB of memory used by copy-on-write
1:M 15 Dec 07:47:55.113 * Background saving terminated with success
1:M 15 Dec 07:52:56.072 * 1 changes in 300 seconds. Saving...
1:M 15 Dec 07:52:56.073 * Background saving started by pid 232
232:C 15 Dec 07:52:56.079 * DB saved on disk
232:C 15 Dec 07:52:56.079 * RDB: 8 MB of memory used by copy-on-write
1:M 15 Dec 07:52:56.173 * Background saving terminated with success
1:M 15 Dec 07:57:57.044 * 1 changes in 300 seconds. Saving...
1:M 15 Dec 07:57:57.046 * Background saving started by pid 233
233:C 15 Dec 07:57:57.051 * DB saved on disk
233:C 15 Dec 07:57:57.051 * RDB: 6 MB of memory used by copy-on-write
1:M 15 Dec 07:57:57.146 * Background saving terminated with success
1:M 15 Dec 08:02:58.025 * 1 changes in 300 seconds. Saving...
1:M 15 Dec 08:02:58.026 * Background saving started by pid 234
234:C 15 Dec 08:02:58.030 * DB saved on disk
234:C 15 Dec 08:02:58.031 * RDB: 8 MB of memory used by copy-on-write
1:M 15 Dec 08:02:58.128 * Background saving terminated with success
1:M 15 Dec 08:07:59.028 * 1 changes in 300 seconds. Saving...
1:M 15 Dec 08:07:59.029 * Background saving started by pid 235
235:C 15 Dec 08:07:59.034 * DB saved on disk
235:C 15 Dec 08:07:59.034 * RDB: 8 MB of memory used by copy-on-write
1:M 15 Dec 08:07:59.130 * Background saving terminated with success
1:M 15 Dec 08:13:00.064 * 1 changes in 300 seconds. Saving...
1:M 15 Dec 08:13:00.066 * Background saving started by pid 236
236:C 15 Dec 08:13:00.071 * DB saved on disk
236:C 15 Dec 08:13:00.071 * RDB: 8 MB of memory used by copy-on-write
1:M 15 Dec 08:13:00.166 * Background saving terminated with success
1:M 15 Dec 08:18:01.098 * 1 changes in 300 seconds. Saving...
1:M 15 Dec 08:18:01.099 * Background saving started by pid 237
237:C 15 Dec 08:18:01.105 * DB saved on disk
237:C 15 Dec 08:18:01.106 * RDB: 8 MB of memory used by copy-on-write
1:M 15 Dec 08:18:01.199 * Background saving terminated with success
1:M 15 Dec 08:23:02.011 * 1 changes in 300 seconds. Saving...
1:M 15 Dec 08:23:02.012 * Background saving started by pid 238
238:C 15 Dec 08:23:02.017 * DB saved on disk
238:C 15 Dec 08:23:02.018 * RDB: 8 MB of memory used by copy-on-write
1:M 15 Dec 08:23:02.112 * Background saving terminated with success
1:M 15 Dec 08:28:03.011 * 1 changes in 300 seconds. Saving...
1:M 15 Dec 08:28:03.012 * Background saving started by pid 239
239:C 15 Dec 08:28:03.017 * DB saved on disk
239:C 15 Dec 08:28:03.017 * RDB: 8 MB of memory used by copy-on-write
1:M 15 Dec 08:28:03.112 * Background saving terminated with success
1:M 15 Dec 08:33:04.084 * 1 changes in 300 seconds. Saving...
1:M 15 Dec 08:33:04.085 * Background saving started by pid 240
240:C 15 Dec 08:33:04.095 * DB saved on disk
240:C 15 Dec 08:33:04.095 * RDB: 8 MB of memory used by copy-on-write
1:M 15 Dec 08:33:04.186 * Background saving terminated with success
1:M 15 Dec 08:38:05.054 * 1 changes in 300 seconds. Saving...
1:M 15 Dec 08:38:05.055 * Background saving started by pid 241
241:C 15 Dec 08:38:05.067 * DB saved on disk
241:C 15 Dec 08:38:05.067 * RDB: 8 MB of memory used by copy-on-write
1:M 15 Dec 08:38:05.156 * Background saving terminated with success
1:M 15 Dec 08:43:06.036 * 1 changes in 300 seconds. Saving...
1:M 15 Dec 08:43:06.037 * Background saving started by pid 242
242:C 15 Dec 08:43:06.042 * DB saved on disk
242:C 15 Dec 08:43:06.043 * RDB: 8 MB of memory used by copy-on-write
1:M 15 Dec 08:43:06.138 * Background saving terminated with success
1:M 15 Dec 08:48:07.012 * 1 changes in 300 seconds. Saving...
1:M 15 Dec 08:48:07.013 * Background saving started by pid 243
243:C 15 Dec 08:48:07.020 * DB saved on disk
243:C 15 Dec 08:48:07.021 * RDB: 8 MB of memory used by copy-on-write
1:M 15 Dec 08:48:07.115 * Background saving terminated with success
1:M 15 Dec 08:53:08.008 * 1 changes in 300 seconds. Saving...
1:M 15 Dec 08:53:08.009 * Background saving started by pid 244
244:C 15 Dec 08:53:08.015 * DB saved on disk
244:C 15 Dec 08:53:08.016 * RDB: 8 MB of memory used by copy-on-write
1:M 15 Dec 08:53:08.116 * Background saving terminated with success
1:M 15 Dec 08:58:09.107 * 1 changes in 300 seconds. Saving...
1:M 15 Dec 08:58:09.108 * Background saving started by pid 245
245:C 15 Dec 08:58:09.113 * DB saved on disk
245:C 15 Dec 08:58:09.114 * RDB: 8 MB of memory used by copy-on-write
1:M 15 Dec 08:58:09.215 * Background saving terminated with success
1:M 15 Dec 09:03:10.097 * 1 changes in 300 seconds. Saving...
1:M 15 Dec 09:03:10.097 * Background saving started by pid 246
246:C 15 Dec 09:03:10.103 * DB saved on disk
246:C 15 Dec 09:03:10.103 * RDB: 8 MB of memory used by copy-on-write
1:M 15 Dec 09:03:10.199 * Background saving terminated with success
1:M 15 Dec 09:08:11.059 * 1 changes in 300 seconds. Saving...
1:M 15 Dec 09:08:11.060 * Background saving started by pid 247
247:C 15 Dec 09:08:11.065 * DB saved on disk
247:C 15 Dec 09:08:11.065 * RDB: 8 MB of memory used by copy-on-write
1:M 15 Dec 09:08:11.161 * Background saving terminated with success
1:M 15 Dec 09:13:12.049 * 1 changes in 300 seconds. Saving...
1:M 15 Dec 09:13:12.050 * Background saving started by pid 248
248:C 15 Dec 09:13:12.054 * DB saved on disk
248:C 15 Dec 09:13:12.055 * RDB: 8 MB of memory used by copy-on-write
1:M 15 Dec 09:13:12.152 * Background saving terminated with success
1:M 15 Dec 09:18:13.079 * 1 changes in 300 seconds. Saving...
1:M 15 Dec 09:18:13.080 * Background saving started by pid 249
249:C 15 Dec 09:18:13.086 * DB saved on disk
249:C 15 Dec 09:18:13.086 * RDB: 8 MB of memory used by copy-on-write
1:M 15 Dec 09:18:13.181 * Background saving terminated with success
1:M 15 Dec 09:23:14.042 * 1 changes in 300 seconds. Saving...
1:M 15 Dec 09:23:14.043 * Background saving started by pid 250
250:C 15 Dec 09:23:14.049 * DB saved on disk
250:C 15 Dec 09:23:14.049 * RDB: 8 MB of memory used by copy-on-write
1:M 15 Dec 09:23:14.145 * Background saving terminated with success
1:M 15 Dec 09:28:15.073 * 1 changes in 300 seconds. Saving...
1:M 15 Dec 09:28:15.074 * Background saving started by pid 251
251:C 15 Dec 09:28:15.081 * DB saved on disk
251:C 15 Dec 09:28:15.081 * RDB: 8 MB of memory used by copy-on-write
1:M 15 Dec 09:28:15.175 * Background saving terminated with success
1:M 15 Dec 09:33:16.090 * 1 changes in 300 seconds. Saving...
1:M 15 Dec 09:33:16.091 * Background saving started by pid 252
252:C 15 Dec 09:33:16.096 * DB saved on disk
252:C 15 Dec 09:33:16.096 * RDB: 8 MB of memory used by copy-on-write
1:M 15 Dec 09:33:16.192 * Background saving terminated with success
1:M 15 Dec 09:38:17.077 * 1 changes in 300 seconds. Saving...
1:M 15 Dec 09:38:17.078 * Background saving started by pid 253
253:C 15 Dec 09:38:17.090 * DB saved on disk
253:C 15 Dec 09:38:17.091 * RDB: 8 MB of memory used by copy-on-write
1:M 15 Dec 09:38:17.181 * Background saving terminated with success
1:M 15 Dec 09:43:18.083 * 1 changes in 300 seconds. Saving...
1:M 15 Dec 09:43:18.084 * Background saving started by pid 254
254:C 15 Dec 09:43:18.091 * DB saved on disk
254:C 15 Dec 09:43:18.091 * RDB: 8 MB of memory used by copy-on-write
1:M 15 Dec 09:43:18.184 * Background saving terminated with success
1:M 15 Dec 09:48:19.009 * 1 changes in 300 seconds. Saving...
1:M 15 Dec 09:48:19.010 * Background saving started by pid 255
255:C 15 Dec 09:48:19.015 * DB saved on disk
255:C 15 Dec 09:48:19.015 * RDB: 8 MB of memory used by copy-on-write
1:M 15 Dec 09:48:19.115 * Background saving terminated with success
1:M 15 Dec 09:53:20.005 * 1 changes in 300 seconds. Saving...
1:M 15 Dec 09:53:20.005 * Background saving started by pid 256
256:C 15 Dec 09:53:20.012 * DB saved on disk
256:C 15 Dec 09:53:20.013 * RDB: 8 MB of memory used by copy-on-write
1:M 15 Dec 09:53:20.107 * Background saving terminated with success
1:M 15 Dec 09:58:21.040 * 1 changes in 300 seconds. Saving...
1:M 15 Dec 09:58:21.040 * Background saving started by pid 257
257:C 15 Dec 09:58:21.046 * DB saved on disk
257:C 15 Dec 09:58:21.046 * RDB: 8 MB of memory used by copy-on-write
1:M 15 Dec 09:58:21.141 * Background saving terminated with success
1:M 15 Dec 10:03:22.010 * 1 changes in 300 seconds. Saving...
1:M 15 Dec 10:03:22.011 * Background saving started by pid 258
258:C 15 Dec 10:03:22.017 * DB saved on disk
258:C 15 Dec 10:03:22.017 * RDB: 8 MB of memory used by copy-on-write
1:M 15 Dec 10:03:22.113 * Background saving terminated with success
1:M 15 Dec 10:08:23.094 * 1 changes in 300 seconds. Saving...
1:M 15 Dec 10:08:23.095 * Background saving started by pid 259
259:C 15 Dec 10:08:23.101 * DB saved on disk
259:C 15 Dec 10:08:23.101 * RDB: 8 MB of memory used by copy-on-write
1:M 15 Dec 10:08:23.196 * Background saving terminated with success
1:M 15 Dec 10:13:24.050 * 1 changes in 300 seconds. Saving...
1:M 15 Dec 10:13:24.051 * Background saving started by pid 260
260:C 15 Dec 10:13:24.056 * DB saved on disk
260:C 15 Dec 10:13:24.057 * RDB: 8 MB of memory used by copy-on-write
1:M 15 Dec 10:13:24.157 * Background saving terminated with success
1:M 15 Dec 10:18:25.062 * 1 changes in 300 seconds. Saving...
1:M 15 Dec 10:18:25.063 * Background saving started by pid 261
261:C 15 Dec 10:18:25.068 * DB saved on disk
261:C 15 Dec 10:18:25.069 * RDB: 8 MB of memory used by copy-on-write
1:M 15 Dec 10:18:25.169 * Background saving terminated with success
1:M 15 Dec 10:23:26.063 * 1 changes in 300 seconds. Saving...
1:M 15 Dec 10:23:26.064 * Background saving started by pid 262
262:C 15 Dec 10:23:26.070 * DB saved on disk
262:C 15 Dec 10:23:26.071 * RDB: 8 MB of memory used by copy-on-write
1:M 15 Dec 10:23:26.165 * Background saving terminated with success
1:M 15 Dec 10:28:27.024 * 1 changes in 300 seconds. Saving...
1:M 15 Dec 10:28:27.025 * Background saving started by pid 263
263:C 15 Dec 10:28:27.032 * DB saved on disk
263:C 15 Dec 10:28:27.032 * RDB: 8 MB of memory used by copy-on-write
1:M 15 Dec 10:28:27.126 * Background saving terminated with success
1:M 15 Dec 10:33:28.048 * 1 changes in 300 seconds. Saving...
1:M 15 Dec 10:33:28.049 * Background saving started by pid 264
264:C 15 Dec 10:33:28.055 * DB saved on disk
264:C 15 Dec 10:33:28.055 * RDB: 8 MB of memory used by copy-on-write
1:M 15 Dec 10:33:28.155 * Background saving terminated with success
1:M 15 Dec 10:38:29.082 * 1 changes in 300 seconds. Saving...
1:M 15 Dec 10:38:29.083 * Background saving started by pid 265
265:C 15 Dec 10:38:29.088 * DB saved on disk
265:C 15 Dec 10:38:29.089 * RDB: 8 MB of memory used by copy-on-write
1:M 15 Dec 10:38:29.187 * Background saving terminated with success
1:M 15 Dec 10:43:30.004 * 1 changes in 300 seconds. Saving...
1:M 15 Dec 10:43:30.005 * Background saving started by pid 266
266:C 15 Dec 10:43:30.011 * DB saved on disk
266:C 15 Dec 10:43:30.012 * RDB: 8 MB of memory used by copy-on-write
1:M 15 Dec 10:43:30.108 * Background saving terminated with success
1:M 15 Dec 10:48:31.095 * 1 changes in 300 seconds. Saving...
1:M 15 Dec 10:48:31.096 * Background saving started by pid 267
267:C 15 Dec 10:48:31.109 * DB saved on disk
267:C 15 Dec 10:48:31.110 * RDB: 8 MB of memory used by copy-on-write
1:M 15 Dec 10:48:31.203 * Background saving terminated with success
1:M 15 Dec 10:53:32.103 * 1 changes in 300 seconds. Saving...
1:M 15 Dec 10:53:32.104 * Background saving started by pid 268
268:C 15 Dec 10:53:32.111 * DB saved on disk
268:C 15 Dec 10:53:32.111 * RDB: 8 MB of memory used by copy-on-write
1:M 15 Dec 10:53:32.207 * Background saving terminated with success
1:M 15 Dec 10:58:33.021 * 1 changes in 300 seconds. Saving...
1:M 15 Dec 10:58:33.022 * Background saving started by pid 269
269:C 15 Dec 10:58:33.035 * DB saved on disk
269:C 15 Dec 10:58:33.036 * RDB: 8 MB of memory used by copy-on-write
1:M 15 Dec 10:58:33.123 * Background saving terminated with success
1:M 15 Dec 11:03:34.068 * 1 changes in 300 seconds. Saving...
1:M 15 Dec 11:03:34.069 * Background saving started by pid 270
270:C 15 Dec 11:03:34.077 * DB saved on disk
270:C 15 Dec 11:03:34.077 * RDB: 8 MB of memory used by copy-on-write
1:M 15 Dec 11:03:34.177 * Background saving terminated with success
1:M 15 Dec 11:08:35.096 * 1 changes in 300 seconds. Saving...
1:M 15 Dec 11:08:35.097 * Background saving started by pid 271
271:C 15 Dec 11:08:35.109 * DB saved on disk
271:C 15 Dec 11:08:35.109 * RDB: 8 MB of memory used by copy-on-write
1:M 15 Dec 11:08:35.205 * Background saving terminated with success
1:M 15 Dec 11:13:36.050 * 1 changes in 300 seconds. Saving...
1:M 15 Dec 11:13:36.051 * Background saving started by pid 272
272:C 15 Dec 11:13:36.056 * DB saved on disk
272:C 15 Dec 11:13:36.057 * RDB: 8 MB of memory used by copy-on-write
1:M 15 Dec 11:13:36.153 * Background saving terminated with success
1:M 15 Dec 11:18:37.018 * 1 changes in 300 seconds. Saving...
1:M 15 Dec 11:18:37.018 * Background saving started by pid 273
273:C 15 Dec 11:18:37.023 * DB saved on disk
273:C 15 Dec 11:18:37.024 * RDB: 8 MB of memory used by copy-on-write
1:M 15 Dec 11:18:37.122 * Background saving terminated with success
1:M 15 Dec 11:23:38.007 * 1 changes in 300 seconds. Saving...
1:M 15 Dec 11:23:38.008 * Background saving started by pid 274
274:C 15 Dec 11:23:38.013 * DB saved on disk
274:C 15 Dec 11:23:38.014 * RDB: 8 MB of memory used by copy-on-write
1:M 15 Dec 11:23:38.111 * Background saving terminated with success
1:M 15 Dec 11:28:39.097 * 1 changes in 300 seconds. Saving...
1:M 15 Dec 11:28:39.098 * Background saving started by pid 275
275:C 15 Dec 11:28:39.103 * DB saved on disk
275:C 15 Dec 11:28:39.103 * RDB: 8 MB of memory used by copy-on-write
1:M 15 Dec 11:28:39.204 * Background saving terminated with success
1:M 15 Dec 11:33:40.059 * 1 changes in 300 seconds. Saving...
1:M 15 Dec 11:33:40.060 * Background saving started by pid 276
276:C 15 Dec 11:33:40.065 * DB saved on disk
276:C 15 Dec 11:33:40.066 * RDB: 8 MB of memory used by copy-on-write
1:M 15 Dec 11:33:40.162 * Background saving terminated with success
1:M 15 Dec 11:38:41.063 * 1 changes in 300 seconds. Saving...
1:M 15 Dec 11:38:41.064 * Background saving started by pid 277
277:C 15 Dec 11:38:41.069 * DB saved on disk
277:C 15 Dec 11:38:41.069 * RDB: 8 MB of memory used by copy-on-write
1:M 15 Dec 11:38:41.164 * Background saving terminated with success
1:M 15 Dec 11:43:42.037 * 1 changes in 300 seconds. Saving...
1:M 15 Dec 11:43:42.038 * Background saving started by pid 278
278:C 15 Dec 11:43:42.043 * DB saved on disk
278:C 15 Dec 11:43:42.044 * RDB: 8 MB of memory used by copy-on-write
1:M 15 Dec 11:43:42.138 * Background saving terminated with success
1:M 15 Dec 11:48:43.047 * 1 changes in 300 seconds. Saving...
1:M 15 Dec 11:48:43.048 * Background saving started by pid 279
279:C 15 Dec 11:48:43.056 * DB saved on disk
279:C 15 Dec 11:48:43.056 * RDB: 8 MB of memory used by copy-on-write
1:M 15 Dec 11:48:43.154 * Background saving terminated with success
1:M 15 Dec 11:53:44.046 * 1 changes in 300 seconds. Saving...
1:M 15 Dec 11:53:44.046 * Background saving started by pid 280
280:C 15 Dec 11:53:44.051 * DB saved on disk
280:C 15 Dec 11:53:44.052 * RDB: 8 MB of memory used by copy-on-write
1:M 15 Dec 11:53:44.147 * Background saving terminated with success
1:M 15 Dec 11:58:45.045 * 1 changes in 300 seconds. Saving...
1:M 15 Dec 11:58:45.046 * Background saving started by pid 281
281:C 15 Dec 11:58:45.052 * DB saved on disk
281:C 15 Dec 11:58:45.052 * RDB: 8 MB of memory used by copy-on-write
1:M 15 Dec 11:58:45.147 * Background saving terminated with success
1:M 15 Dec 12:03:46.052 * 1 changes in 300 seconds. Saving...
1:M 15 Dec 12:03:46.053 * Background saving started by pid 282
282:C 15 Dec 12:03:46.061 * DB saved on disk
282:C 15 Dec 12:03:46.061 * RDB: 8 MB of memory used by copy-on-write
1:M 15 Dec 12:03:46.154 * Background saving terminated with success
1:M 15 Dec 12:08:47.044 * 1 changes in 300 seconds. Saving...
1:M 15 Dec 12:08:47.045 * Background saving started by pid 283
283:C 15 Dec 12:08:47.054 * DB saved on disk
283:C 15 Dec 12:08:47.055 * RDB: 8 MB of memory used by copy-on-write
1:M 15 Dec 12:08:47.152 * Background saving terminated with success
1:M 15 Dec 12:13:48.064 * 1 changes in 300 seconds. Saving...
1:M 15 Dec 12:13:48.065 * Background saving started by pid 284
284:C 15 Dec 12:13:48.070 * DB saved on disk
284:C 15 Dec 12:13:48.070 * RDB: 8 MB of memory used by copy-on-write
1:M 15 Dec 12:13:48.165 * Background saving terminated with success
1:M 15 Dec 12:18:49.037 * 1 changes in 300 seconds. Saving...
1:M 15 Dec 12:18:49.038 * Background saving started by pid 285
285:C 15 Dec 12:18:49.043 * DB saved on disk
285:C 15 Dec 12:18:49.043 * RDB: 8 MB of memory used by copy-on-write
1:M 15 Dec 12:18:49.139 * Background saving terminated with success
1:M 15 Dec 12:23:50.100 * 1 changes in 300 seconds. Saving...
1:M 15 Dec 12:23:50.101 * Background saving started by pid 286
286:C 15 Dec 12:23:50.106 * DB saved on disk
286:C 15 Dec 12:23:50.106 * RDB: 8 MB of memory used by copy-on-write
1:M 15 Dec 12:23:50.203 * Background saving terminated with success
1:M 15 Dec 12:28:51.034 * 1 changes in 300 seconds. Saving...
1:M 15 Dec 12:28:51.035 * Background saving started by pid 287
287:C 15 Dec 12:28:51.041 * DB saved on disk
287:C 15 Dec 12:28:51.041 * RDB: 8 MB of memory used by copy-on-write
1:M 15 Dec 12:28:51.137 * Background saving terminated with success
1:M 15 Dec 12:33:52.096 * 1 changes in 300 seconds. Saving...
1:M 15 Dec 12:33:52.097 * Background saving started by pid 288
288:C 15 Dec 12:33:52.102 * DB saved on disk
288:C 15 Dec 12:33:52.102 * RDB: 8 MB of memory used by copy-on-write
1:M 15 Dec 12:33:52.204 * Background saving terminated with success
1:M 15 Dec 12:38:53.080 * 1 changes in 300 seconds. Saving...
1:M 15 Dec 12:38:53.081 * Background saving started by pid 289
289:C 15 Dec 12:38:53.087 * DB saved on disk
289:C 15 Dec 12:38:53.087 * RDB: 8 MB of memory used by copy-on-write
1:M 15 Dec 12:38:53.181 * Background saving terminated with success
1:M 15 Dec 12:43:54.049 * 1 changes in 300 seconds. Saving...
1:M 15 Dec 12:43:54.050 * Background saving started by pid 290
290:C 15 Dec 12:43:54.057 * DB saved on disk
290:C 15 Dec 12:43:54.057 * RDB: 8 MB of memory used by copy-on-write
1:M 15 Dec 12:43:54.156 * Background saving terminated with success
1:M 15 Dec 12:48:55.040 * 1 changes in 300 seconds. Saving...
1:M 15 Dec 12:48:55.041 * Background saving started by pid 291
291:C 15 Dec 12:48:55.054 * DB saved on disk
291:C 15 Dec 12:48:55.054 * RDB: 8 MB of memory used by copy-on-write
1:M 15 Dec 12:48:55.141 * Background saving terminated with success
1:M 15 Dec 12:53:56.063 * 1 changes in 300 seconds. Saving...
1:M 15 Dec 12:53:56.064 * Background saving started by pid 292
292:C 15 Dec 12:53:56.072 * DB saved on disk
292:C 15 Dec 12:53:56.072 * RDB: 8 MB of memory used by copy-on-write
1:M 15 Dec 12:53:56.168 * Background saving terminated with success
1:M 15 Dec 12:58:57.092 * 1 changes in 300 seconds. Saving...
1:M 15 Dec 12:58:57.093 * Background saving started by pid 293
293:C 15 Dec 12:58:57.101 * DB saved on disk
293:C 15 Dec 12:58:57.101 * RDB: 8 MB of memory used by copy-on-write
1:M 15 Dec 12:58:57.195 * Background saving terminated with success
1:M 15 Dec 13:03:58.095 * 1 changes in 300 seconds. Saving...
1:M 15 Dec 13:03:58.096 * Background saving started by pid 294
294:C 15 Dec 13:03:58.107 * DB saved on disk
294:C 15 Dec 13:03:58.107 * RDB: 8 MB of memory used by copy-on-write
1:M 15 Dec 13:03:58.198 * Background saving terminated with success
1:M 15 Dec 13:08:59.075 * 1 changes in 300 seconds. Saving...
1:M 15 Dec 13:08:59.076 * Background saving started by pid 295
295:C 15 Dec 13:08:59.081 * DB saved on disk
295:C 15 Dec 13:08:59.081 * RDB: 8 MB of memory used by copy-on-write
1:M 15 Dec 13:08:59.177 * Background saving terminated with success
1:M 15 Dec 13:14:00.009 * 1 changes in 300 seconds. Saving...
1:M 15 Dec 13:14:00.009 * Background saving started by pid 296
296:C 15 Dec 13:14:00.015 * DB saved on disk
296:C 15 Dec 13:14:00.015 * RDB: 8 MB of memory used by copy-on-write
1:M 15 Dec 13:14:00.113 * Background saving terminated with success
1:M 15 Dec 13:19:01.056 * 1 changes in 300 seconds. Saving...
1:M 15 Dec 13:19:01.057 * Background saving started by pid 297
297:C 15 Dec 13:19:01.062 * DB saved on disk
297:C 15 Dec 13:19:01.062 * RDB: 8 MB of memory used by copy-on-write
1:M 15 Dec 13:19:01.160 * Background saving terminated with success
1:M 15 Dec 13:24:02.068 * 1 changes in 300 seconds. Saving...
1:M 15 Dec 13:24:02.068 * Background saving started by pid 298
298:C 15 Dec 13:24:02.074 * DB saved on disk
298:C 15 Dec 13:24:02.074 * RDB: 8 MB of memory used by copy-on-write
1:M 15 Dec 13:24:02.170 * Background saving terminated with success
1:M 15 Dec 13:29:03.037 * 1 changes in 300 seconds. Saving...
1:M 15 Dec 13:29:03.038 * Background saving started by pid 299
299:C 15 Dec 13:29:03.044 * DB saved on disk
299:C 15 Dec 13:29:03.044 * RDB: 8 MB of memory used by copy-on-write
1:M 15 Dec 13:29:03.139 * Background saving terminated with success
1:M 15 Dec 13:34:04.021 * 1 changes in 300 seconds. Saving...
1:M 15 Dec 13:34:04.022 * Background saving started by pid 300
300:C 15 Dec 13:34:04.029 * DB saved on disk
300:C 15 Dec 13:34:04.029 * RDB: 8 MB of memory used by copy-on-write
1:M 15 Dec 13:34:04.122 * Background saving terminated with success
1:M 15 Dec 13:39:05.084 * 1 changes in 300 seconds. Saving...
1:M 15 Dec 13:39:05.084 * Background saving started by pid 301
301:C 15 Dec 13:39:05.090 * DB saved on disk
301:C 15 Dec 13:39:05.090 * RDB: 8 MB of memory used by copy-on-write
1:M 15 Dec 13:39:05.185 * Background saving terminated with success
1:M 15 Dec 13:44:06.107 * 1 changes in 300 seconds. Saving...
1:M 15 Dec 13:44:06.108 * Background saving started by pid 302
302:C 15 Dec 13:44:06.114 * DB saved on disk
302:C 15 Dec 13:44:06.115 * RDB: 8 MB of memory used by copy-on-write
1:M 15 Dec 13:44:06.212 * Background saving terminated with success
1:M 15 Dec 13:49:07.051 * 1 changes in 300 seconds. Saving...
1:M 15 Dec 13:49:07.052 * Background saving started by pid 303
303:C 15 Dec 13:49:07.058 * DB saved on disk
303:C 15 Dec 13:49:07.058 * RDB: 8 MB of memory used by copy-on-write
1:M 15 Dec 13:49:07.152 * Background saving terminated with success
1:M 15 Dec 13:54:08.025 * 1 changes in 300 seconds. Saving...
1:M 15 Dec 13:54:08.026 * Background saving started by pid 304
304:C 15 Dec 13:54:08.037 * DB saved on disk
304:C 15 Dec 13:54:08.037 * RDB: 8 MB of memory used by copy-on-write
1:M 15 Dec 13:54:08.131 * Background saving terminated with success
1:M 15 Dec 13:59:09.052 * 1 changes in 300 seconds. Saving...
1:M 15 Dec 13:59:09.053 * Background saving started by pid 305
305:C 15 Dec 13:59:09.058 * DB saved on disk
305:C 15 Dec 13:59:09.059 * RDB: 8 MB of memory used by copy-on-write
1:M 15 Dec 13:59:09.156 * Background saving terminated with success
1:M 15 Dec 14:04:10.068 * 1 changes in 300 seconds. Saving...
1:M 15 Dec 14:04:10.069 * Background saving started by pid 306
306:C 15 Dec 14:04:10.074 * DB saved on disk
306:C 15 Dec 14:04:10.074 * RDB: 8 MB of memory used by copy-on-write
1:M 15 Dec 14:04:10.170 * Background saving terminated with success
1:M 15 Dec 14:09:11.073 * 1 changes in 300 seconds. Saving...
1:M 15 Dec 14:09:11.073 * Background saving started by pid 307
307:C 15 Dec 14:09:11.078 * DB saved on disk
307:C 15 Dec 14:09:11.079 * RDB: 8 MB of memory used by copy-on-write
1:M 15 Dec 14:09:11.174 * Background saving terminated with success
1:M 15 Dec 14:14:12.044 * 1 changes in 300 seconds. Saving...
1:M 15 Dec 14:14:12.045 * Background saving started by pid 308
308:C 15 Dec 14:14:12.050 * DB saved on disk
308:C 15 Dec 14:14:12.051 * RDB: 8 MB of memory used by copy-on-write
1:M 15 Dec 14:14:12.147 * Background saving terminated with success
1:M 15 Dec 14:19:13.036 * 1 changes in 300 seconds. Saving...
1:M 15 Dec 14:19:13.037 * Background saving started by pid 309
309:C 15 Dec 14:19:13.044 * DB saved on disk
309:C 15 Dec 14:19:13.044 * RDB: 8 MB of memory used by copy-on-write
1:M 15 Dec 14:19:13.137 * Background saving terminated with success
1:M 15 Dec 14:24:14.068 * 1 changes in 300 seconds. Saving...
1:M 15 Dec 14:24:14.069 * Background saving started by pid 310
310:C 15 Dec 14:24:14.074 * DB saved on disk
310:C 15 Dec 14:24:14.074 * RDB: 8 MB of memory used by copy-on-write
1:M 15 Dec 14:24:14.171 * Background saving terminated with success
1:M 15 Dec 14:29:15.055 * 1 changes in 300 seconds. Saving...
1:M 15 Dec 14:29:15.056 * Background saving started by pid 311
311:C 15 Dec 14:29:15.061 * DB saved on disk
311:C 15 Dec 14:29:15.062 * RDB: 8 MB of memory used by copy-on-write
1:M 15 Dec 14:29:15.161 * Background saving terminated with success
1:M 15 Dec 14:34:16.071 * 1 changes in 300 seconds. Saving...
1:M 15 Dec 14:34:16.071 * Background saving started by pid 312
312:C 15 Dec 14:34:16.076 * DB saved on disk
312:C 15 Dec 14:34:16.077 * RDB: 8 MB of memory used by copy-on-write
1:M 15 Dec 14:34:16.174 * Background saving terminated with success
1:M 15 Dec 14:39:17.003 * 1 changes in 300 seconds. Saving...
1:M 15 Dec 14:39:17.004 * Background saving started by pid 313
313:C 15 Dec 14:39:17.009 * DB saved on disk
313:C 15 Dec 14:39:17.009 * RDB: 8 MB of memory used by copy-on-write
1:M 15 Dec 14:39:17.112 * Background saving terminated with success
1:M 15 Dec 14:44:18.056 * 1 changes in 300 seconds. Saving...
1:M 15 Dec 14:44:18.057 * Background saving started by pid 314
314:C 15 Dec 14:44:18.062 * DB saved on disk
314:C 15 Dec 14:44:18.062 * RDB: 8 MB of memory used by copy-on-write
1:M 15 Dec 14:44:18.158 * Background saving terminated with success
1:M 15 Dec 14:49:19.054 * 1 changes in 300 seconds. Saving...
1:M 15 Dec 14:49:19.055 * Background saving started by pid 315
315:C 15 Dec 14:49:19.060 * DB saved on disk
315:C 15 Dec 14:49:19.060 * RDB: 8 MB of memory used by copy-on-write
1:M 15 Dec 14:49:19.157 * Background saving terminated with success
1:M 15 Dec 14:54:20.052 * 1 changes in 300 seconds. Saving...
1:M 15 Dec 14:54:20.052 * Background saving started by pid 316
316:C 15 Dec 14:54:20.059 * DB saved on disk
316:C 15 Dec 14:54:20.059 * RDB: 8 MB of memory used by copy-on-write
1:M 15 Dec 14:54:20.154 * Background saving terminated with success
1:M 15 Dec 14:59:21.010 * 1 changes in 300 seconds. Saving...
1:M 15 Dec 14:59:21.011 * Background saving started by pid 317
317:C 15 Dec 14:59:21.018 * DB saved on disk
317:C 15 Dec 14:59:21.019 * RDB: 8 MB of memory used by copy-on-write
1:M 15 Dec 14:59:21.111 * Background saving terminated with success
1:M 15 Dec 15:04:22.053 * 1 changes in 300 seconds. Saving...
1:M 15 Dec 15:04:22.054 * Background saving started by pid 318
318:C 15 Dec 15:04:22.066 * DB saved on disk
318:C 15 Dec 15:04:22.067 * RDB: 8 MB of memory used by copy-on-write
1:M 15 Dec 15:04:22.162 * Background saving terminated with success
1:M 15 Dec 15:09:23.061 * 1 changes in 300 seconds. Saving...
1:M 15 Dec 15:09:23.062 * Background saving started by pid 319
319:C 15 Dec 15:09:23.067 * DB saved on disk
319:C 15 Dec 15:09:23.068 * RDB: 8 MB of memory used by copy-on-write
1:M 15 Dec 15:09:23.163 * Background saving terminated with success
1:M 15 Dec 15:14:24.005 * 1 changes in 300 seconds. Saving...
1:M 15 Dec 15:14:24.006 * Background saving started by pid 320
320:C 15 Dec 15:14:24.011 * DB saved on disk
320:C 15 Dec 15:14:24.011 * RDB: 8 MB of memory used by copy-on-write
1:M 15 Dec 15:14:24.109 * Background saving terminated with success
1:M 15 Dec 15:19:25.010 * 1 changes in 300 seconds. Saving...
1:M 15 Dec 15:19:25.011 * Background saving started by pid 321
321:C 15 Dec 15:19:25.020 * DB saved on disk
321:C 15 Dec 15:19:25.020 * RDB: 8 MB of memory used by copy-on-write
1:M 15 Dec 15:19:25.112 * Background saving terminated with success
1:M 15 Dec 15:24:26.064 * 1 changes in 300 seconds. Saving...
1:M 15 Dec 15:24:26.065 * Background saving started by pid 322
322:C 15 Dec 15:24:26.071 * DB saved on disk
322:C 15 Dec 15:24:26.072 * RDB: 8 MB of memory used by copy-on-write
1:M 15 Dec 15:24:26.170 * Background saving terminated with success
1:M 15 Dec 15:29:27.093 * 1 changes in 300 seconds. Saving...
1:M 15 Dec 15:29:27.094 * Background saving started by pid 323
323:C 15 Dec 15:29:27.101 * DB saved on disk
323:C 15 Dec 15:29:27.101 * RDB: 8 MB of memory used by copy-on-write
1:M 15 Dec 15:29:27.195 * Background saving terminated with success
1:M 15 Dec 15:34:28.014 * 1 changes in 300 seconds. Saving...
1:M 15 Dec 15:34:28.015 * Background saving started by pid 324
324:C 15 Dec 15:34:28.020 * DB saved on disk
324:C 15 Dec 15:34:28.020 * RDB: 8 MB of memory used by copy-on-write
1:M 15 Dec 15:34:28.115 * Background saving terminated with success
1:M 15 Dec 15:39:29.099 * 1 changes in 300 seconds. Saving...
1:M 15 Dec 15:39:29.100 * Background saving started by pid 325
325:C 15 Dec 15:39:29.105 * DB saved on disk
325:C 15 Dec 15:39:29.105 * RDB: 8 MB of memory used by copy-on-write
1:M 15 Dec 15:39:29.208 * Background saving terminated with success
1:M 15 Dec 15:44:30.085 * 1 changes in 300 seconds. Saving...
1:M 15 Dec 15:44:30.086 * Background saving started by pid 326
326:C 15 Dec 15:44:30.091 * DB saved on disk
326:C 15 Dec 15:44:30.091 * RDB: 8 MB of memory used by copy-on-write
1:M 15 Dec 15:44:30.189 * Background saving terminated with success
1:M 15 Dec 15:49:31.062 * 1 changes in 300 seconds. Saving...
1:M 15 Dec 15:49:31.063 * Background saving started by pid 327
327:C 15 Dec 15:49:31.069 * DB saved on disk
327:C 15 Dec 15:49:31.069 * RDB: 8 MB of memory used by copy-on-write
1:M 15 Dec 15:49:31.164 * Background saving terminated with success
1:M 15 Dec 15:54:32.025 * 1 changes in 300 seconds. Saving...
1:M 15 Dec 15:54:32.026 * Background saving started by pid 328
328:C 15 Dec 15:54:32.031 * DB saved on disk
328:C 15 Dec 15:54:32.032 * RDB: 8 MB of memory used by copy-on-write
1:M 15 Dec 15:54:32.128 * Background saving terminated with success
1:M 15 Dec 15:59:33.026 * 1 changes in 300 seconds. Saving...
1:M 15 Dec 15:59:33.027 * Background saving started by pid 329
329:C 15 Dec 15:59:33.033 * DB saved on disk
329:C 15 Dec 15:59:33.033 * RDB: 8 MB of memory used by copy-on-write
1:M 15 Dec 15:59:33.129 * Background saving terminated with success
1:M 15 Dec 16:04:34.004 * 1 changes in 300 seconds. Saving...
1:M 15 Dec 16:04:34.005 * Background saving started by pid 330
330:C 15 Dec 16:04:34.011 * DB saved on disk
330:C 15 Dec 16:04:34.011 * RDB: 8 MB of memory used by copy-on-write
1:M 15 Dec 16:04:34.108 * Background saving terminated with success
1:M 15 Dec 16:09:35.032 * 1 changes in 300 seconds. Saving...
1:M 15 Dec 16:09:35.033 * Background saving started by pid 331
331:C 15 Dec 16:09:35.040 * DB saved on disk
331:C 15 Dec 16:09:35.041 * RDB: 8 MB of memory used by copy-on-write
1:M 15 Dec 16:09:35.134 * Background saving terminated with success
1:M 15 Dec 16:14:36.005 * 1 changes in 300 seconds. Saving...
1:M 15 Dec 16:14:36.006 * Background saving started by pid 332
332:C 15 Dec 16:14:36.014 * DB saved on disk
332:C 15 Dec 16:14:36.015 * RDB: 8 MB of memory used by copy-on-write
1:M 15 Dec 16:14:36.113 * Background saving terminated with success
1:M 15 Dec 16:19:37.063 * 1 changes in 300 seconds. Saving...
1:M 15 Dec 16:19:37.064 * Background saving started by pid 333
333:C 15 Dec 16:19:37.072 * DB saved on disk
333:C 15 Dec 16:19:37.072 * RDB: 8 MB of memory used by copy-on-write
1:M 15 Dec 16:19:37.165 * Background saving terminated with success
1:M 15 Dec 16:24:38.040 * 1 changes in 300 seconds. Saving...
1:M 15 Dec 16:24:38.042 * Background saving started by pid 334
334:C 15 Dec 16:24:38.049 * DB saved on disk
334:C 15 Dec 16:24:38.050 * RDB: 8 MB of memory used by copy-on-write
1:M 15 Dec 16:24:38.142 * Background saving terminated with success
1:M 15 Dec 16:29:39.100 * 1 changes in 300 seconds. Saving...
1:M 15 Dec 16:29:39.101 * Background saving started by pid 335
335:C 15 Dec 16:29:39.106 * DB saved on disk
335:C 15 Dec 16:29:39.106 * RDB: 8 MB of memory used by copy-on-write
1:M 15 Dec 16:29:39.205 * Background saving terminated with success
1:M 15 Dec 16:34:40.064 * 1 changes in 300 seconds. Saving...
1:M 15 Dec 16:34:40.065 * Background saving started by pid 336
336:C 15 Dec 16:34:40.071 * DB saved on disk
336:C 15 Dec 16:34:40.072 * RDB: 8 MB of memory used by copy-on-write
1:M 15 Dec 16:34:40.166 * Background saving terminated with success
1:M 15 Dec 16:39:41.091 * 1 changes in 300 seconds. Saving...
1:M 15 Dec 16:39:41.092 * Background saving started by pid 337
337:C 15 Dec 16:39:41.098 * DB saved on disk
337:C 15 Dec 16:39:41.098 * RDB: 8 MB of memory used by copy-on-write
1:M 15 Dec 16:39:41.193 * Background saving terminated with success
1:M 15 Dec 16:44:42.031 * 1 changes in 300 seconds. Saving...
1:M 15 Dec 16:44:42.032 * Background saving started by pid 338
338:C 15 Dec 16:44:42.037 * DB saved on disk
338:C 15 Dec 16:44:42.037 * RDB: 8 MB of memory used by copy-on-write
1:M 15 Dec 16:44:42.133 * Background saving terminated with success
1:M 15 Dec 16:49:43.087 * 1 changes in 300 seconds. Saving...
1:M 15 Dec 16:49:43.088 * Background saving started by pid 339
339:C 15 Dec 16:49:43.094 * DB saved on disk
339:C 15 Dec 16:49:43.094 * RDB: 8 MB of memory used by copy-on-write
1:M 15 Dec 16:49:43.189 * Background saving terminated with success
1:M 15 Dec 16:54:44.032 * 1 changes in 300 seconds. Saving...
1:M 15 Dec 16:54:44.032 * Background saving started by pid 340
340:C 15 Dec 16:54:44.038 * DB saved on disk
340:C 15 Dec 16:54:44.038 * RDB: 8 MB of memory used by copy-on-write
1:M 15 Dec 16:54:44.134 * Background saving terminated with success
1:M 15 Dec 16:59:45.040 * 1 changes in 300 seconds. Saving...
1:M 15 Dec 16:59:45.041 * Background saving started by pid 341
341:C 15 Dec 16:59:45.048 * DB saved on disk
341:C 15 Dec 16:59:45.048 * RDB: 8 MB of memory used by copy-on-write
1:M 15 Dec 16:59:45.143 * Background saving terminated with success
1:M 15 Dec 17:04:46.100 * 1 changes in 300 seconds. Saving...
1:M 15 Dec 17:04:46.101 * Background saving started by pid 342
342:C 15 Dec 17:04:46.107 * DB saved on disk
342:C 15 Dec 17:04:46.108 * RDB: 8 MB of memory used by copy-on-write
1:M 15 Dec 17:04:46.201 * Background saving terminated with success
1:M 15 Dec 17:09:47.094 * 1 changes in 300 seconds. Saving...
1:M 15 Dec 17:09:47.095 * Background saving started by pid 343
343:C 15 Dec 17:09:47.102 * DB saved on disk
343:C 15 Dec 17:09:47.102 * RDB: 8 MB of memory used by copy-on-write
1:M 15 Dec 17:09:47.197 * Background saving terminated with success
1:M 15 Dec 17:14:48.064 * 1 changes in 300 seconds. Saving...
1:M 15 Dec 17:14:48.065 * Background saving started by pid 344
344:C 15 Dec 17:14:48.073 * DB saved on disk
344:C 15 Dec 17:14:48.074 * RDB: 8 MB of memory used by copy-on-write
1:M 15 Dec 17:14:48.166 * Background saving terminated with success
1:M 15 Dec 17:19:49.034 * 1 changes in 300 seconds. Saving...
1:M 15 Dec 17:19:49.035 * Background saving started by pid 345
345:C 15 Dec 17:19:49.044 * DB saved on disk
345:C 15 Dec 17:19:49.044 * RDB: 8 MB of memory used by copy-on-write
1:M 15 Dec 17:19:49.138 * Background saving terminated with success
1:M 15 Dec 17:24:50.034 * 1 changes in 300 seconds. Saving...
1:M 15 Dec 17:24:50.035 * Background saving started by pid 346
346:C 15 Dec 17:24:50.041 * DB saved on disk
346:C 15 Dec 17:24:50.042 * RDB: 8 MB of memory used by copy-on-write
1:M 15 Dec 17:24:50.135 * Background saving terminated with success
1:M 15 Dec 17:29:51.084 * 1 changes in 300 seconds. Saving...
1:M 15 Dec 17:29:51.086 * Background saving started by pid 347
347:C 15 Dec 17:29:51.091 * DB saved on disk
347:C 15 Dec 17:29:51.091 * RDB: 8 MB of memory used by copy-on-write
1:M 15 Dec 17:29:51.189 * Background saving terminated with success
1:M 15 Dec 17:34:52.074 * 1 changes in 300 seconds. Saving...
1:M 15 Dec 17:34:52.075 * Background saving started by pid 348
348:C 15 Dec 17:34:52.081 * DB saved on disk
348:C 15 Dec 17:34:52.081 * RDB: 8 MB of memory used by copy-on-write
1:M 15 Dec 17:34:52.181 * Background saving terminated with success
1:M 15 Dec 17:39:53.060 * 1 changes in 300 seconds. Saving...
1:M 15 Dec 17:39:53.061 * Background saving started by pid 349
349:C 15 Dec 17:39:53.069 * DB saved on disk
349:C 15 Dec 17:39:53.070 * RDB: 8 MB of memory used by copy-on-write
1:M 15 Dec 17:39:53.162 * Background saving terminated with success
1:M 15 Dec 17:44:54.015 * 1 changes in 300 seconds. Saving...
1:M 15 Dec 17:44:54.016 * Background saving started by pid 350
350:C 15 Dec 17:44:54.025 * DB saved on disk
350:C 15 Dec 17:44:54.026 * RDB: 8 MB of memory used by copy-on-write
1:M 15 Dec 17:44:54.119 * Background saving terminated with success
1:M 15 Dec 17:49:55.073 * 1 changes in 300 seconds. Saving...
1:M 15 Dec 17:49:55.074 * Background saving started by pid 351
351:C 15 Dec 17:49:55.081 * DB saved on disk
351:C 15 Dec 17:49:55.081 * RDB: 8 MB of memory used by copy-on-write
1:M 15 Dec 17:49:55.175 * Background saving terminated with success
1:M 15 Dec 17:54:56.014 * 1 changes in 300 seconds. Saving...
1:M 15 Dec 17:54:56.015 * Background saving started by pid 352
352:C 15 Dec 17:54:56.025 * DB saved on disk
352:C 15 Dec 17:54:56.025 * RDB: 8 MB of memory used by copy-on-write
1:M 15 Dec 17:54:56.119 * Background saving terminated with success
1:M 15 Dec 17:59:57.039 * 1 changes in 300 seconds. Saving...
1:M 15 Dec 17:59:57.040 * Background saving started by pid 353
353:C 15 Dec 17:59:57.047 * DB saved on disk
353:C 15 Dec 17:59:57.048 * RDB: 8 MB of memory used by copy-on-write
1:M 15 Dec 17:59:57.142 * Background saving terminated with success
1:M 15 Dec 18:04:58.060 * 1 changes in 300 seconds. Saving...
1:M 15 Dec 18:04:58.061 * Background saving started by pid 354
354:C 15 Dec 18:04:58.067 * DB saved on disk
354:C 15 Dec 18:04:58.067 * RDB: 8 MB of memory used by copy-on-write
1:M 15 Dec 18:04:58.168 * Background saving terminated with success
1:M 15 Dec 18:09:59.025 * 1 changes in 300 seconds. Saving...
1:M 15 Dec 18:09:59.026 * Background saving started by pid 355
355:C 15 Dec 18:09:59.033 * DB saved on disk
355:C 15 Dec 18:09:59.033 * RDB: 8 MB of memory used by copy-on-write
1:M 15 Dec 18:09:59.133 * Background saving terminated with success
1:M 15 Dec 18:15:00.055 * 1 changes in 300 seconds. Saving...
1:M 15 Dec 18:15:00.057 * Background saving started by pid 356
356:C 15 Dec 18:15:00.066 * DB saved on disk
356:C 15 Dec 18:15:00.066 * RDB: 8 MB of memory used by copy-on-write
1:M 15 Dec 18:15:00.160 * Background saving terminated with success
