[2020-12-15 07:23:17,297: INFO/MainProcess] beat: Starting...
[2020-12-15 07:23:17,297: INFO/MainProcess] Writing entries...
[2020-12-15 07:23:17,364: INFO/MainProcess] DatabaseScheduler: Schedule changed.
[2020-12-15 07:23:17,364: INFO/MainProcess] Writing entries...
[2020-12-15 07:23:22,383: INFO/MainProcess] Writing entries...
[2020-12-15 07:26:22,634: INFO/MainProcess] Writing entries...
[2020-12-15 07:29:22,891: INFO/MainProcess] Writing entries...
[2020-12-15 07:31:25,600: INFO/MainProcess] Writing entries...
[2020-12-15 07:31:25,608: INFO/MainProcess] Writing entries...
[2020-12-15 07:31:25,614: INFO/MainProcess] Writing entries...
[2020-12-15 07:31:25,618: INFO/MainProcess] Writing entries...
[2020-12-15 07:33:42,076: INFO/MainProcess] beat: Starting...
[2020-12-15 07:33:42,077: INFO/MainProcess] Writing entries...
[2020-12-15 07:33:42,142: INFO/MainProcess] DatabaseScheduler: Schedule changed.
[2020-12-15 07:33:42,142: INFO/MainProcess] Writing entries...
[2020-12-15 07:33:47,159: INFO/MainProcess] Writing entries...
[2020-12-15 07:36:47,403: INFO/MainProcess] Writing entries...
[2020-12-15 07:39:47,645: INFO/MainProcess] Writing entries...
[2020-12-15 07:42:47,910: INFO/MainProcess] Writing entries...
[2020-12-15 07:45:48,153: INFO/MainProcess] Writing entries...
[2020-12-15 07:48:48,413: INFO/MainProcess] Writing entries...
[2020-12-15 07:51:48,679: INFO/MainProcess] Writing entries...
[2020-12-15 07:54:48,927: INFO/MainProcess] Writing entries...
[2020-12-15 07:57:49,167: INFO/MainProcess] Writing entries...
[2020-12-15 08:00:49,415: INFO/MainProcess] Writing entries...
[2020-12-15 08:03:49,667: INFO/MainProcess] Writing entries...
[2020-12-15 08:06:49,928: INFO/MainProcess] Writing entries...
[2020-12-15 08:09:50,187: INFO/MainProcess] Writing entries...
[2020-12-15 08:12:50,437: INFO/MainProcess] Writing entries...
[2020-12-15 08:15:50,681: INFO/MainProcess] Writing entries...
[2020-12-15 08:18:50,940: INFO/MainProcess] Writing entries...
[2020-12-15 08:21:51,185: INFO/MainProcess] Writing entries...
[2020-12-15 08:24:54,489: INFO/MainProcess] Writing entries...
[2020-12-15 08:27:54,727: INFO/MainProcess] Writing entries...
[2020-12-15 08:30:54,962: INFO/MainProcess] Writing entries...
[2020-12-15 08:33:55,196: INFO/MainProcess] Writing entries...
[2020-12-15 08:36:55,477: INFO/MainProcess] Writing entries...
[2020-12-15 08:39:55,833: INFO/MainProcess] Writing entries...
[2020-12-15 08:42:56,164: INFO/MainProcess] Writing entries...
[2020-12-15 08:45:56,496: INFO/MainProcess] Writing entries...
[2020-12-15 08:48:56,799: INFO/MainProcess] Writing entries...
[2020-12-15 08:51:57,129: INFO/MainProcess] Writing entries...
[2020-12-15 08:54:57,442: INFO/MainProcess] Writing entries...
[2020-12-15 08:57:57,760: INFO/MainProcess] Writing entries...
[2020-12-15 09:00:00,010: INFO/MainProcess] Scheduler: Sending due task celery.backend_cleanup (celery.backend_cleanup)
[2020-12-15 09:01:00,128: INFO/MainProcess] Writing entries...
[2020-12-15 09:04:00,485: INFO/MainProcess] Writing entries...
[2020-12-15 09:07:00,842: INFO/MainProcess] Writing entries...
[2020-12-15 09:10:01,161: INFO/MainProcess] Writing entries...
[2020-12-15 09:13:01,512: INFO/MainProcess] Writing entries...
[2020-12-15 09:16:01,850: INFO/MainProcess] Writing entries...
[2020-12-15 09:19:02,227: INFO/MainProcess] Writing entries...
[2020-12-15 09:22:02,571: INFO/MainProcess] Writing entries...
[2020-12-15 09:25:02,908: INFO/MainProcess] Writing entries...
[2020-12-15 09:28:03,245: INFO/MainProcess] Writing entries...
[2020-12-15 09:31:03,571: INFO/MainProcess] Writing entries...
[2020-12-15 09:34:03,895: INFO/MainProcess] Writing entries...
[2020-12-15 09:37:04,256: INFO/MainProcess] Writing entries...
[2020-12-15 09:40:04,628: INFO/MainProcess] Writing entries...
[2020-12-15 09:43:04,958: INFO/MainProcess] Writing entries...
[2020-12-15 09:46:05,282: INFO/MainProcess] Writing entries...
[2020-12-15 09:49:05,615: INFO/MainProcess] Writing entries...
[2020-12-15 09:52:05,968: INFO/MainProcess] Writing entries...
[2020-12-15 09:55:06,278: INFO/MainProcess] Writing entries...
[2020-12-15 09:58:06,598: INFO/MainProcess] Writing entries...
[2020-12-15 10:01:06,923: INFO/MainProcess] Writing entries...
[2020-12-15 10:04:07,239: INFO/MainProcess] Writing entries...
[2020-12-15 10:07:07,590: INFO/MainProcess] Writing entries...
[2020-12-15 10:10:07,920: INFO/MainProcess] Writing entries...
[2020-12-15 10:13:08,255: INFO/MainProcess] Writing entries...
[2020-12-15 10:16:08,580: INFO/MainProcess] Writing entries...
[2020-12-15 10:19:08,911: INFO/MainProcess] Writing entries...
[2020-12-15 10:22:09,247: INFO/MainProcess] Writing entries...
[2020-12-15 10:25:09,602: INFO/MainProcess] Writing entries...
[2020-12-15 10:28:09,946: INFO/MainProcess] Writing entries...
[2020-12-15 10:31:10,272: INFO/MainProcess] Writing entries...
[2020-12-15 10:34:10,569: INFO/MainProcess] Writing entries...
[2020-12-15 10:37:10,911: INFO/MainProcess] Writing entries...
[2020-12-15 10:40:11,240: INFO/MainProcess] Writing entries...
[2020-12-15 10:43:11,559: INFO/MainProcess] Writing entries...
[2020-12-15 10:46:11,900: INFO/MainProcess] Writing entries...
[2020-12-15 10:49:12,227: INFO/MainProcess] Writing entries...
[2020-12-15 10:52:12,540: INFO/MainProcess] Writing entries...
[2020-12-15 10:55:12,867: INFO/MainProcess] Writing entries...
[2020-12-15 10:58:13,205: INFO/MainProcess] Writing entries...
[2020-12-15 11:01:13,507: INFO/MainProcess] Writing entries...
[2020-12-15 11:04:13,831: INFO/MainProcess] Writing entries...
[2020-12-15 11:07:14,171: INFO/MainProcess] Writing entries...
[2020-12-15 11:10:14,506: INFO/MainProcess] Writing entries...
[2020-12-15 11:13:14,811: INFO/MainProcess] Writing entries...
[2020-12-15 11:16:15,111: INFO/MainProcess] Writing entries...
[2020-12-15 11:19:15,429: INFO/MainProcess] Writing entries...
[2020-12-15 11:22:15,753: INFO/MainProcess] Writing entries...
[2020-12-15 11:25:16,122: INFO/MainProcess] Writing entries...
[2020-12-15 11:28:16,441: INFO/MainProcess] Writing entries...
[2020-12-15 11:31:16,754: INFO/MainProcess] Writing entries...
[2020-12-15 11:34:17,077: INFO/MainProcess] Writing entries...
[2020-12-15 11:37:17,400: INFO/MainProcess] Writing entries...
[2020-12-15 11:40:17,707: INFO/MainProcess] Writing entries...
[2020-12-15 11:43:18,026: INFO/MainProcess] Writing entries...
[2020-12-15 11:46:18,344: INFO/MainProcess] Writing entries...
[2020-12-15 11:49:18,644: INFO/MainProcess] Writing entries...
[2020-12-15 11:52:18,991: INFO/MainProcess] Writing entries...
[2020-12-15 11:55:19,303: INFO/MainProcess] Writing entries...
[2020-12-15 11:58:19,603: INFO/MainProcess] Writing entries...
[2020-12-15 12:01:19,947: INFO/MainProcess] Writing entries...
[2020-12-15 12:04:20,259: INFO/MainProcess] Writing entries...
[2020-12-15 12:07:20,588: INFO/MainProcess] Writing entries...
[2020-12-15 12:10:20,923: INFO/MainProcess] Writing entries...
[2020-12-15 12:13:21,211: INFO/MainProcess] Writing entries...
[2020-12-15 12:16:21,522: INFO/MainProcess] Writing entries...
[2020-12-15 12:19:21,831: INFO/MainProcess] Writing entries...
[2020-12-15 12:22:22,140: INFO/MainProcess] Writing entries...
[2020-12-15 12:25:22,480: INFO/MainProcess] Writing entries...
[2020-12-15 12:28:22,794: INFO/MainProcess] Writing entries...
[2020-12-15 12:31:23,089: INFO/MainProcess] Writing entries...
[2020-12-15 12:34:23,403: INFO/MainProcess] Writing entries...
[2020-12-15 12:37:23,713: INFO/MainProcess] Writing entries...
[2020-12-15 12:40:24,084: INFO/MainProcess] Writing entries...
[2020-12-15 12:43:24,429: INFO/MainProcess] Writing entries...
[2020-12-15 12:46:24,757: INFO/MainProcess] Writing entries...
[2020-12-15 12:49:25,076: INFO/MainProcess] Writing entries...
[2020-12-15 12:52:25,395: INFO/MainProcess] Writing entries...
[2020-12-15 12:55:25,693: INFO/MainProcess] Writing entries...
[2020-12-15 12:58:26,053: INFO/MainProcess] Writing entries...
[2020-12-15 13:01:26,421: INFO/MainProcess] Writing entries...
[2020-12-15 13:04:26,731: INFO/MainProcess] Writing entries...
[2020-12-15 13:07:27,028: INFO/MainProcess] Writing entries...
[2020-12-15 13:10:27,369: INFO/MainProcess] Writing entries...
[2020-12-15 13:13:27,735: INFO/MainProcess] Writing entries...
[2020-12-15 13:16:28,032: INFO/MainProcess] Writing entries...
[2020-12-15 13:19:28,319: INFO/MainProcess] Writing entries...
[2020-12-15 13:22:28,622: INFO/MainProcess] Writing entries...
[2020-12-15 13:25:28,955: INFO/MainProcess] Writing entries...
[2020-12-15 13:28:29,281: INFO/MainProcess] Writing entries...
[2020-12-15 13:31:29,593: INFO/MainProcess] Writing entries...
[2020-12-15 13:33:42,142: INFO/MainProcess] Scheduler: Sending due task log-stuck-exports-and-mark-failed (onadata.apps.viewer.tasks.log_stuck_exports_and_mark_failed)
[2020-12-15 13:34:32,215: INFO/MainProcess] Writing entries...
[2020-12-15 13:37:32,523: INFO/MainProcess] Writing entries...
[2020-12-15 13:40:32,839: INFO/MainProcess] Writing entries...
[2020-12-15 13:43:33,169: INFO/MainProcess] Writing entries...
[2020-12-15 13:46:33,497: INFO/MainProcess] Writing entries...
[2020-12-15 13:49:33,794: INFO/MainProcess] Writing entries...
[2020-12-15 13:52:34,149: INFO/MainProcess] Writing entries...
[2020-12-15 13:55:34,489: INFO/MainProcess] Writing entries...
[2020-12-15 13:58:34,831: INFO/MainProcess] Writing entries...
[2020-12-15 14:01:35,170: INFO/MainProcess] Writing entries...
[2020-12-15 14:04:35,461: INFO/MainProcess] Writing entries...
[2020-12-15 14:07:35,771: INFO/MainProcess] Writing entries...
[2020-12-15 14:10:36,095: INFO/MainProcess] Writing entries...
[2020-12-15 14:13:36,411: INFO/MainProcess] Writing entries...
[2020-12-15 14:16:36,775: INFO/MainProcess] Writing entries...
[2020-12-15 14:19:37,107: INFO/MainProcess] Writing entries...
[2020-12-15 14:22:37,439: INFO/MainProcess] Writing entries...
[2020-12-15 14:25:37,690: INFO/MainProcess] Writing entries...
[2020-12-15 14:28:38,035: INFO/MainProcess] Writing entries...
[2020-12-15 14:31:38,364: INFO/MainProcess] Writing entries...
[2020-12-15 14:34:38,671: INFO/MainProcess] Writing entries...
[2020-12-15 14:37:38,997: INFO/MainProcess] Writing entries...
[2020-12-15 14:40:39,330: INFO/MainProcess] Writing entries...
[2020-12-15 14:43:39,663: INFO/MainProcess] Writing entries...
[2020-12-15 14:46:39,953: INFO/MainProcess] Writing entries...
[2020-12-15 14:49:40,267: INFO/MainProcess] Writing entries...
[2020-12-15 14:52:40,490: INFO/MainProcess] Writing entries...
[2020-12-15 14:55:42,517: INFO/MainProcess] Writing entries...
[2020-12-15 14:58:42,829: INFO/MainProcess] Writing entries...
[2020-12-15 15:01:43,116: INFO/MainProcess] Writing entries...
[2020-12-15 15:04:43,406: INFO/MainProcess] Writing entries...
[2020-12-15 15:07:43,718: INFO/MainProcess] Writing entries...
[2020-12-15 15:10:44,067: INFO/MainProcess] Writing entries...
[2020-12-15 15:13:44,459: INFO/MainProcess] Writing entries...
[2020-12-15 15:16:44,849: INFO/MainProcess] Writing entries...
[2020-12-15 15:19:45,211: INFO/MainProcess] Writing entries...
[2020-12-15 15:22:45,543: INFO/MainProcess] Writing entries...
[2020-12-15 15:25:45,900: INFO/MainProcess] Writing entries...
[2020-12-15 15:28:46,232: INFO/MainProcess] Writing entries...
[2020-12-15 15:31:46,551: INFO/MainProcess] Writing entries...
[2020-12-15 15:34:46,917: INFO/MainProcess] Writing entries...
[2020-12-15 15:37:47,245: INFO/MainProcess] Writing entries...
[2020-12-15 15:40:47,580: INFO/MainProcess] Writing entries...
[2020-12-15 15:43:47,892: INFO/MainProcess] Writing entries...
[2020-12-15 15:46:48,169: INFO/MainProcess] Writing entries...
[2020-12-15 15:49:48,555: INFO/MainProcess] Writing entries...
[2020-12-15 15:52:48,902: INFO/MainProcess] Writing entries...
[2020-12-15 15:55:49,224: INFO/MainProcess] Writing entries...
[2020-12-15 15:58:49,561: INFO/MainProcess] Writing entries...
[2020-12-15 16:01:49,900: INFO/MainProcess] Writing entries...
[2020-12-15 16:04:50,247: INFO/MainProcess] Writing entries...
[2020-12-15 16:07:50,555: INFO/MainProcess] Writing entries...
[2020-12-15 16:10:50,855: INFO/MainProcess] Writing entries...
[2020-12-15 16:13:51,223: INFO/MainProcess] Writing entries...
[2020-12-15 16:16:51,584: INFO/MainProcess] Writing entries...
[2020-12-15 16:19:51,940: INFO/MainProcess] Writing entries...
[2020-12-15 16:22:52,271: INFO/MainProcess] Writing entries...
[2020-12-15 16:25:52,639: INFO/MainProcess] Writing entries...
[2020-12-15 16:28:52,978: INFO/MainProcess] Writing entries...
[2020-12-15 16:31:53,329: INFO/MainProcess] Writing entries...
[2020-12-15 16:34:53,657: INFO/MainProcess] Writing entries...
[2020-12-15 16:37:53,989: INFO/MainProcess] Writing entries...
[2020-12-15 16:40:54,312: INFO/MainProcess] Writing entries...
[2020-12-15 16:43:54,650: INFO/MainProcess] Writing entries...
[2020-12-15 16:46:54,947: INFO/MainProcess] Writing entries...
[2020-12-15 16:49:55,277: INFO/MainProcess] Writing entries...
[2020-12-15 16:52:55,599: INFO/MainProcess] Writing entries...
[2020-12-15 16:55:55,906: INFO/MainProcess] Writing entries...
[2020-12-15 16:58:56,238: INFO/MainProcess] Writing entries...
[2020-12-15 17:01:56,588: INFO/MainProcess] Writing entries...
[2020-12-15 17:04:56,895: INFO/MainProcess] Writing entries...
[2020-12-15 17:07:57,189: INFO/MainProcess] Writing entries...
[2020-12-15 17:10:57,533: INFO/MainProcess] Writing entries...
[2020-12-15 17:13:57,884: INFO/MainProcess] Writing entries...
[2020-12-15 17:16:58,220: INFO/MainProcess] Writing entries...
[2020-12-15 17:19:58,551: INFO/MainProcess] Writing entries...
[2020-12-15 17:22:58,881: INFO/MainProcess] Writing entries...
[2020-12-15 17:25:59,203: INFO/MainProcess] Writing entries...
[2020-12-15 17:28:59,511: INFO/MainProcess] Writing entries...
[2020-12-15 17:31:59,767: INFO/MainProcess] Writing entries...
[2020-12-15 17:35:00,111: INFO/MainProcess] Writing entries...
[2020-12-15 17:38:00,412: INFO/MainProcess] Writing entries...
[2020-12-15 17:41:00,710: INFO/MainProcess] Writing entries...
[2020-12-15 17:44:01,043: INFO/MainProcess] Writing entries...
[2020-12-15 17:47:01,346: INFO/MainProcess] Writing entries...
[2020-12-15 17:50:01,631: INFO/MainProcess] Writing entries...
[2020-12-15 17:53:01,988: INFO/MainProcess] Writing entries...
[2020-12-15 17:56:02,316: INFO/MainProcess] Writing entries...
[2020-12-15 17:59:02,603: INFO/MainProcess] Writing entries...
[2020-12-15 18:02:02,926: INFO/MainProcess] Writing entries...
[2020-12-15 18:05:03,264: INFO/MainProcess] Writing entries...
[2020-12-15 18:08:03,573: INFO/MainProcess] Writing entries...
[2020-12-15 18:11:03,923: INFO/MainProcess] Writing entries...
[2020-12-15 18:14:04,240: INFO/MainProcess] Writing entries...
[2020-12-15 18:17:04,567: INFO/MainProcess] Writing entries...
